<?xml version="1.0" encoding="UTF-8"?>
<testsuite name="com.project.goe.projectgeodbserver.ProjectGeoDbserverApplicationTests" time="0.009" tests="1" errors="1" skipped="0" failures="0">
  <properties>
[...]
</properties>
  <testcase name="contextLoads" classname="com.project.goe.projectgeodbserver.ProjectGeoDbserverApplicationTests" time="0.009">
    <error message="org/apache/poi/ss/usermodel/Workbook" type="java.lang.NoClassDefFoundError">java.lang.NoClassDefFoundError: org/apache/poi/ss/usermodel/Workbook
	at java.lang.Class.getDeclaredFields0(Native Method)
	at java.lang.Class.privateGetDeclaredFields(Class.java:2583)
	at java.lang.Class.getDeclaredFields(Class.java:1916)
	at org.springframework.util.ReflectionUtils.getDeclaredFields(ReflectionUtils.java:715)
	at org.springframework.util.ReflectionUtils.doWithFields(ReflectionUtils.java:687)
	at org.springframework.util.ReflectionUtils.doWithFields(ReflectionUtils.java:673)
	at org.springframework.boot.test.mock.mockito.DefinitionsParser.parse(DefinitionsParser.java:63)
	at org.springframework.boot.test.mock.mockito.MockitoPostProcessor.postProcessBeanFactory(MockitoPostProcessor.java:142)
	at org.springframework.boot.test.mock.mockito.MockitoPostProcessor.postProcessBeanFactory(MockitoPostProcessor.java:134)
	at org.springframework.context.support.PostProcessorRegistrationDelegate.invokeBeanFactoryPostProcessors(PostProcessorRegistrationDelegate.java:283)
	at org.springframework.context.support.PostProcessorRegistrationDelegate.invokeBeanFactoryPostProcessors(PostProcessorRegistrationDelegate.java:171)
	at org.springframework.context.support.AbstractApplicationContext.invokeBeanFactoryPostProcessors(AbstractApplicationContext.java:687)
	at org.springframework.context.support.AbstractApplicationContext.refresh(AbstractApplicationContext.java:525)
	at org.springframework.boot.SpringApplication.refresh(SpringApplication.java:693)
	at org.springframework.boot.SpringApplication.refreshContext(SpringApplication.java:360)
	at org.springframework.boot.SpringApplication.run(SpringApplication.java:303)
	at org.springframework.boot.test.context.SpringBootContextLoader.loadContext(SpringBootContextLoader.java:120)
	at org.springframework.test.context.cache.DefaultCacheAwareContextLoaderDelegate.loadContextInternal(DefaultCacheAwareContextLoaderDelegate.java:98)
	at org.springframework.test.context.cache.DefaultCacheAwareContextLoaderDelegate.loadContext(DefaultCacheAwareContextLoaderDelegate.java:116)
	at org.springframework.test.context.support.DefaultTestContext.getApplicationContext(DefaultTestContext.java:83)
	at org.springframework.test.context.support.DependencyInjectionTestExecutionListener.injectDependencies(DependencyInjectionTestExecutionListener.java:117)
	at org.springframework.test.context.support.DependencyInjectionTestExecutionListener.prepareTestInstance(DependencyInjectionTestExecutionListener.java:83)
	at org.springframework.boot.test.autoconfigure.SpringBootDependencyInjectionTestExecutionListener.prepareTestInstance(SpringBootDependencyInjectionTestExecutionListener.java:44)
	at org.springframework.test.context.TestContextManager.prepareTestInstance(TestContextManager.java:230)
	at org.springframework.test.context.junit4.SpringJUnit4ClassRunner.createTest(SpringJUnit4ClassRunner.java:228)
	at org.springframework.test.context.junit4.SpringJUnit4ClassRunner$1.runReflectiveCall(SpringJUnit4ClassRunner.java:287)
	at org.junit.internal.runners.model.ReflectiveCallable.run(ReflectiveCallable.java:12)
	at org.springframework.test.context.junit4.SpringJUnit4ClassRunner.methodBlock(SpringJUnit4ClassRunner.java:289)
	at org.springframework.test.context.junit4.SpringJUnit4ClassRunner.runChild(SpringJUnit4ClassRunner.java:247)
	at org.springframework.test.context.junit4.SpringJUnit4ClassRunner.runChild(SpringJUnit4ClassRunner.java:94)
	at org.junit.runners.ParentRunner$3.run(ParentRunner.java:290)
	at org.junit.runners.ParentRunner$1.schedule(ParentRunner.java:71)
	at org.junit.runners.ParentRunner.runChildren(ParentRunner.java:288)
	at org.junit.runners.ParentRunner.access$000(ParentRunner.java:58)
	at org.junit.runners.ParentRunner$2.evaluate(ParentRunner.java:268)
	at org.springframework.test.context.junit4.statements.RunBeforeTestClassCallbacks.evaluate(RunBeforeTestClassCallbacks.java:61)
	at org.springframework.test.context.junit4.statements.RunAfterTestClassCallbacks.evaluate(RunAfterTestClassCallbacks.java:70)
	at org.junit.runners.ParentRunner.run(ParentRunner.java:363)
	at org.springframework.test.context.junit4.SpringJUnit4ClassRunner.run(SpringJUnit4ClassRunner.java:191)
	at org.apache.maven.surefire.junit4.JUnit4Provider.execute(JUnit4Provider.java:283)
	at org.apache.maven.surefire.junit4.JUnit4Provider.executeWithRerun(JUnit4Provider.java:173)
	at org.apache.maven.surefire.junit4.JUnit4Provider.executeTestSet(JUnit4Provider.java:153)
	at org.apache.maven.surefire.junit4.JUnit4Provider.invoke(JUnit4Provider.java:128)
	at org.apache.maven.surefire.booter.ForkedBooter.invokeProviderInSameClassLoader(ForkedBooter.java:203)
	at org.apache.maven.surefire.booter.ForkedBooter.runSuitesInProcess(ForkedBooter.java:155)
	at org.apache.maven.surefire.booter.ForkedBooter.main(ForkedBooter.java:103)
Caused by: java.lang.ClassNotFoundException: org.apache.poi.ss.usermodel.Workbook
	at java.net.URLClassLoader.findClass(URLClassLoader.java:381)
	at java.lang.ClassLoader.loadClass(ClassLoader.java:424)
	at sun.misc.Launcher$AppClassLoader.loadClass(Launcher.java:331)
	at java.lang.ClassLoader.loadClass(ClassLoader.java:357)
	at java.lang.Class.getDeclaredFields0(Native Method)
	at java.lang.Class.privateGetDeclaredFields(Class.java:2583)
	at java.lang.Class.getDeclaredFields(Class.java:1916)
	at org.springframework.util.ReflectionUtils.getDeclaredFields(ReflectionUtils.java:715)
	at org.springframework.util.ReflectionUtils.doWithFields(ReflectionUtils.java:687)
	at org.springframework.util.ReflectionUtils.doWithFields(ReflectionUtils.java:673)
	at org.springframework.boot.test.mock.mockito.DefinitionsParser.parse(DefinitionsParser.java:63)
	at org.springframework.boot.test.mock.mockito.MockitoPostProcessor.postProcessBeanFactory(MockitoPostProcessor.java:142)
	at org.springframework.boot.test.mock.mockito.MockitoPostProcessor.postProcessBeanFactory(MockitoPostProcessor.java:134)
	at org.springframework.context.support.PostProcessorRegistrationDelegate.invokeBeanFactoryPostProcessors(PostProcessorRegistrationDelegate.java:283)
	at org.springframework.context.support.PostProcessorRegistrationDelegate.invokeBeanFactoryPostProcessors(PostProcessorRegistrationDelegate.java:171)
	at org.springframework.context.support.AbstractApplicationContext.invokeBeanFactoryPostProcessors(AbstractApplicationContext.java:687)
	at org.springframework.context.support.AbstractApplicationContext.refresh(AbstractApplicationContext.java:525)
	at org.springframework.boot.SpringApplication.refresh(SpringApplication.java:693)
	at org.springframework.boot.SpringApplication.refreshContext(SpringApplication.java:360)
	at org.springframework.boot.SpringApplication.run(SpringApplication.java:303)
	at org.springframework.boot.test.context.SpringBootContextLoader.loadContext(SpringBootContextLoader.java:120)
	at org.springframework.test.context.cache.DefaultCacheAwareContextLoaderDelegate.loadContextInternal(DefaultCacheAwareContextLoaderDelegate.java:98)
	at org.springframework.test.context.cache.DefaultCacheAwareContextLoaderDelegate.loadContext(DefaultCacheAwareContextLoaderDelegate.java:116)
	at org.springframework.test.context.support.DefaultTestContext.getApplicationContext(DefaultTestContext.java:83)
	at org.springframework.test.context.support.DependencyInjectionTestExecutionListener.injectDependencies(DependencyInjectionTestExecutionListener.java:117)
	at org.springframework.test.context.support.DependencyInjectionTestExecutionListener.prepareTestInstance(DependencyInjectionTestExecutionListener.java:83)
	at org.springframework.boot.test.autoconfigure.SpringBootDependencyInjectionTestExecutionListener.prepareTestInstance(SpringBootDependencyInjectionTestExecutionListener.java:44)
	at org.springframework.test.context.TestContextManager.prepareTestInstance(TestContextManager.java:230)
	at org.springframework.test.context.junit4.SpringJUnit4ClassRunner.createTest(SpringJUnit4ClassRunner.java:228)
	at org.springframework.test.context.junit4.SpringJUnit4ClassRunner$1.runReflectiveCall(SpringJUnit4ClassRunner.java:287)
	at org.junit.internal.runners.model.ReflectiveCallable.run(ReflectiveCallable.java:12)
	at org.springframework.test.context.junit4.SpringJUnit4ClassRunner.methodBlock(SpringJUnit4ClassRunner.java:289)
	at org.springframework.test.context.junit4.SpringJUnit4ClassRunner.runChild(SpringJUnit4ClassRunner.java:247)
	at org.springframework.test.context.junit4.SpringJUnit4ClassRunner.runChild(SpringJUnit4ClassRunner.java:94)
	at org.junit.runners.ParentRunner$3.run(ParentRunner.java:290)
	at org.junit.runners.ParentRunner$1.schedule(ParentRunner.java:71)
	at org.junit.runners.ParentRunner.runChildren(ParentRunner.java:288)
	at org.junit.runners.ParentRunner.access$000(ParentRunner.java:58)
	at org.junit.runners.ParentRunner$2.evaluate(ParentRunner.java:268)
	at org.springframework.test.context.junit4.statements.RunBeforeTestClassCallbacks.evaluate(RunBeforeTestClassCallbacks.java:61)
	at org.springframework.test.context.junit4.statements.RunAfterTestClassCallbacks.evaluate(RunAfterTestClassCallbacks.java:70)
	at org.junit.runners.ParentRunner.run(ParentRunner.java:363)
	at org.springframework.test.context.junit4.SpringJUnit4ClassRunner.run(SpringJUnit4ClassRunner.java:191)
	at org.apache.maven.surefire.junit4.JUnit4Provider.execute(JUnit4Provider.java:283)
	at org.apache.maven.surefire.junit4.JUnit4Provider.executeWithRerun(JUnit4Provider.java:173)
	at org.apache.maven.surefire.junit4.JUnit4Provider.executeTestSet(JUnit4Provider.java:153)
	at org.apache.maven.surefire.junit4.JUnit4Provider.invoke(JUnit4Provider.java:128)
	at org.apache.maven.surefire.booter.ForkedBooter.invokeProviderInSameClassLoader(ForkedBooter.java:203)
	at org.apache.maven.surefire.booter.ForkedBooter.runSuitesInProcess(ForkedBooter.java:155)
	at org.apache.maven.surefire.booter.ForkedBooter.main(ForkedBooter.java:103)
</error>
    <system-out><![CDATA[14:58:15.617 [main] DEBUG org.springframework.test.context.junit4.SpringJUnit4ClassRunner - SpringJUnit4ClassRunner constructor called with [class com.project.goe.projectgeodbserver.ProjectGeoDbserverApplicationTests]
14:58:15.624 [main] DEBUG org.springframework.test.context.BootstrapUtils - Instantiating CacheAwareContextLoaderDelegate from class [org.springframework.test.context.cache.DefaultCacheAwareContextLoaderDelegate]
14:58:15.633 [main] DEBUG org.springframework.test.context.BootstrapUtils - Instantiating BootstrapContext using constructor [public org.springframework.test.context.support.DefaultBootstrapContext(java.lang.Class,org.springframework.test.context.CacheAwareContextLoaderDelegate)]
14:58:15.656 [main] DEBUG org.springframework.test.context.BootstrapUtils - Instantiating TestContextBootstrapper for test class [com.project.goe.projectgeodbserver.ProjectGeoDbserverApplicationTests] from class [org.springframework.boot.test.context.SpringBootTestContextBootstrapper]
14:58:15.672 [main] INFO org.springframework.boot.test.context.SpringBootTestContextBootstrapper - Neither @ContextConfiguration nor @ContextHierarchy found for test class [com.project.goe.projectgeodbserver.ProjectGeoDbserverApplicationTests], using SpringBootContextLoader
14:58:15.676 [main] DEBUG org.springframework.test.context.support.AbstractContextLoader - Did not detect default resource location for test class [com.project.goe.projectgeodbserver.ProjectGeoDbserverApplicationTests]: class path resource [com/project/goe/projectgeodbserver/ProjectGeoDbserverApplicationTests-context.xml] does not exist
14:58:15.677 [main] DEBUG org.springframework.test.context.support.AbstractContextLoader - Did not detect default resource location for test class [com.project.goe.projectgeodbserver.ProjectGeoDbserverApplicationTests]: class path resource [com/project/goe/projectgeodbserver/ProjectGeoDbserverApplicationTestsContext.groovy] does not exist
14:58:15.677 [main] INFO org.springframework.test.context.support.AbstractContextLoader - Could not detect default resource locations for test class [com.project.goe.projectgeodbserver.ProjectGeoDbserverApplicationTests]: no resource found for suffixes {-context.xml, Context.groovy}.
14:58:15.678 [main] INFO org.springframework.test.context.support.AnnotationConfigContextLoaderUtils - Could not detect default configuration classes for test class [com.project.goe.projectgeodbserver.ProjectGeoDbserverApplicationTests]: ProjectGeoDbserverApplicationTests does not declare any static, non-private, non-final, nested classes annotated with @Configuration.
14:58:15.725 [main] DEBUG org.springframework.test.context.support.ActiveProfilesUtils - Could not find an 'annotation declaring class' for annotation type [org.springframework.test.context.ActiveProfiles] and class [com.project.goe.projectgeodbserver.ProjectGeoDbserverApplicationTests]
14:58:15.736 [main] DEBUG org.springframework.core.env.StandardEnvironment - Adding PropertySource 'systemProperties' with lowest search precedence
14:58:15.738 [main] DEBUG org.springframework.core.env.StandardEnvironment - Adding PropertySource 'systemEnvironment' with lowest search precedence
14:58:15.739 [main] DEBUG org.springframework.core.env.StandardEnvironment - Initialized StandardEnvironment with PropertySources [MapPropertySource@1805013491 {name='systemProperties', properties={java.runtime.name=Java(TM) SE Runtime Environment, sun.boot.library.path=/Library/Java/JavaVirtualMachines/jdk1.8.0_121.jdk/Contents/Home/jre/lib, java.vm.version=25.121-b13, gopherProxySet=false, java.vm.vendor=Oracle Corporation, java.vendor.url=http://java.oracle.com/, path.separator=:, java.vm.name=Java HotSpot(TM) 64-Bit Server VM, file.encoding.pkg=sun.io, user.country=CN, sun.java.launcher=SUN_STANDARD, sun.os.patch.level=unknown, java.vm.specification.name=Java Virtual Machine Specification, user.dir=/Users/zhangqiankun/develop/gitsource/GOE/project-geo-dbserver, java.runtime.version=1.8.0_121-b13, basedir=/Users/zhangqiankun/develop/gitsource/GOE/project-geo-dbserver, java.awt.graphicsenv=sun.awt.CGraphicsEnvironment, java.endorsed.dirs=/Library/Java/JavaVirtualMachines/jdk1.8.0_121.jdk/Contents/Home/jre/lib/endorsed, os.arch=x86_64, surefire.real.class.path=/Users/zhangqiankun/develop/gitsource/GOE/project-geo-dbserver/target/surefire/surefirebooter7138271239798612184.jar, java.io.tmpdir=/var/folders/sr/m87c7fj1223dpq04tdt1px7h0000gn/T/, line.separator=
, socksProxyPort=1080, java.vm.specification.vendor=Oracle Corporation, os.name=Mac OS X, sun.jnu.encoding=UTF-8, java.library.path=/Users/zhangqiankun/Library/Java/Extensions:/Library/Java/Extensions:/Network/Library/Java/Extensions:/System/Library/Java/Extensions:/usr/lib/java:., surefire.test.class.path=/Users/zhangqiankun/develop/gitsource/GOE/project-geo-dbserver/target/test-classes:/Users/zhangqiankun/develop/gitsource/GOE/project-geo-dbserver/target/classes:/Users/zhangqiankun/primeton/storage-eosplatform80/storage-eosplatform80/org/springframework/boot/spring-boot-starter-data-jpa/1.5.9.RELEASE/spring-boot-starter-data-jpa-1.5.9.RELEASE.jar:/Users/zhangqiankun/primeton/storage-eosplatform80/storage-eosplatform80/org/springframework/boot/spring-boot-starter/1.5.9.RELEASE/spring-boot-starter-1.5.9.RELEASE.jar:/Users/zhangqiankun/primeton/storage-eosplatform80/storage-eosplatform80/org/springframework/boot/spring-boot/1.5.9.RELEASE/spring-boot-1.5.9.RELEASE.jar:/Users/zhangqiankun/primeton/storage-eosplatform80/storage-eosplatform80/org/springframework/boot/spring-boot-autoconfigure/1.5.9.RELEASE/spring-boot-autoconfigure-1.5.9.RELEASE.jar:/Users/zhangqiankun/primeton/storage-eosplatform80/storage-eosplatform80/org/springframework/boot/spring-boot-starter-logging/1.5.9.RELEASE/spring-boot-starter-logging-1.5.9.RELEASE.jar:/Users/zhangqiankun/primeton/storage-eosplatform80/storage-eosplatform80/ch/qos/logback/logback-classic/1.1.11/logback-classic-1.1.11.jar:/Users/zhangqiankun/primeton/storage-eosplatform80/storage-eosplatform80/ch/qos/logback/logback-core/1.1.11/logback-core-1.1.11.jar:/Users/zhangqiankun/primeton/storage-eosplatform80/storage-eosplatform80/org/slf4j/jul-to-slf4j/1.7.25/jul-to-slf4j-1.7.25.jar:/Users/zhangqiankun/primeton/storage-eosplatform80/storage-eosplatform80/org/slf4j/log4j-over-slf4j/1.7.25/log4j-over-slf4j-1.7.25.jar:/Users/zhangqiankun/primeton/storage-eosplatform80/storage-eosplatform80/org/yaml/snakeyaml/1.17/snakeyaml-1.17.jar:/Users/zhangqiankun/primeton/storage-eosplatform80/storage-eosplatform80/org/springframework/boot/spring-boot-starter-aop/1.5.9.RELEASE/spring-boot-starter-aop-1.5.9.RELEASE.jar:/Users/zhangqiankun/primeton/storage-eosplatform80/storage-eosplatform80/org/springframework/spring-aop/4.3.13.RELEASE/spring-aop-4.3.13.RELEASE.jar:/Users/zhangqiankun/primeton/storage-eosplatform80/storage-eosplatform80/org/aspectj/aspectjweaver/1.8.13/aspectjweaver-1.8.13.jar:/Users/zhangqiankun/primeton/storage-eosplatform80/storage-eosplatform80/org/hibernate/hibernate-core/5.0.12.Final/hibernate-core-5.0.12.Final.jar:/Users/zhangqiankun/primeton/storage-eosplatform80/storage-eosplatform80/org/jboss/logging/jboss-logging/3.3.1.Final/jboss-logging-3.3.1.Final.jar:/Users/zhangqiankun/primeton/storage-eosplatform80/storage-eosplatform80/org/hibernate/javax/persistence/hibernate-jpa-2.1-api/1.0.0.Final/hibernate-jpa-2.1-api-1.0.0.Final.jar:/Users/zhangqiankun/primeton/storage-eosplatform80/storage-eosplatform80/org/javassist/javassist/3.21.0-GA/javassist-3.21.0-GA.jar:/Users/zhangqiankun/primeton/storage-eosplatform80/storage-eosplatform80/antlr/antlr/2.7.7/antlr-2.7.7.jar:/Users/zhangqiankun/primeton/storage-eosplatform80/storage-eosplatform80/org/jboss/jandex/2.0.0.Final/jandex-2.0.0.Final.jar:/Users/zhangqiankun/primeton/storage-eosplatform80/storage-eosplatform80/dom4j/dom4j/1.6.1/dom4j-1.6.1.jar:/Users/zhangqiankun/primeton/storage-eosplatform80/storage-eosplatform80/org/hibernate/common/hibernate-commons-annotations/5.0.1.Final/hibernate-commons-annotations-5.0.1.Final.jar:/Users/zhangqiankun/primeton/storage-eosplatform80/storage-eosplatform80/org/hibernate/hibernate-entitymanager/5.0.12.Final/hibernate-entitymanager-5.0.12.Final.jar:/Users/zhangqiankun/primeton/storage-eosplatform80/storage-eosplatform80/javax/transaction/javax.transaction-api/1.2/javax.transaction-api-1.2.jar:/Users/zhangqiankun/primeton/storage-eosplatform80/storage-eosplatform80/org/springframework/data/spring-data-jpa/1.11.9.RELEASE/spring-data-jpa-1.11.9.RELEASE.jar:/Users/zhangqiankun/primeton/storage-eosplatform80/storage-eosplatform80/org/springframework/data/spring-data-commons/1.13.9.RELEASE/spring-data-commons-1.13.9.RELEASE.jar:/Users/zhangqiankun/primeton/storage-eosplatform80/storage-eosplatform80/org/springframework/spring-orm/4.3.13.RELEASE/spring-orm-4.3.13.RELEASE.jar:/Users/zhangqiankun/primeton/storage-eosplatform80/storage-eosplatform80/org/springframework/spring-context/4.3.13.RELEASE/spring-context-4.3.13.RELEASE.jar:/Users/zhangqiankun/primeton/storage-eosplatform80/storage-eosplatform80/org/springframework/spring-tx/4.3.13.RELEASE/spring-tx-4.3.13.RELEASE.jar:/Users/zhangqiankun/primeton/storage-eosplatform80/storage-eosplatform80/org/springframework/spring-beans/4.3.13.RELEASE/spring-beans-4.3.13.RELEASE.jar:/Users/zhangqiankun/primeton/storage-eosplatform80/storage-eosplatform80/org/slf4j/jcl-over-slf4j/1.7.25/jcl-over-slf4j-1.7.25.jar:/Users/zhangqiankun/primeton/storage-eosplatform80/storage-eosplatform80/org/springframework/spring-aspects/4.3.13.RELEASE/spring-aspects-4.3.13.RELEASE.jar:/Users/zhangqiankun/primeton/storage-eosplatform80/storage-eosplatform80/org/springframework/boot/spring-boot-starter-jdbc/1.5.9.RELEASE/spring-boot-starter-jdbc-1.5.9.RELEASE.jar:/Users/zhangqiankun/primeton/storage-eosplatform80/storage-eosplatform80/org/apache/tomcat/tomcat-jdbc/8.5.23/tomcat-jdbc-8.5.23.jar:/Users/zhangqiankun/primeton/storage-eosplatform80/storage-eosplatform80/org/apache/tomcat/tomcat-juli/8.5.23/tomcat-juli-8.5.23.jar:/Users/zhangqiankun/primeton/storage-eosplatform80/storage-eosplatform80/org/springframework/spring-jdbc/4.3.13.RELEASE/spring-jdbc-4.3.13.RELEASE.jar:/Users/zhangqiankun/primeton/storage-eosplatform80/storage-eosplatform80/mysql/mysql-connector-java/5.1.44/mysql-connector-java-5.1.44.jar:/Users/zhangqiankun/primeton/storage-eosplatform80/storage-eosplatform80/org/springframework/boot/spring-boot-starter-web/1.5.9.RELEASE/spring-boot-starter-web-1.5.9.RELEASE.jar:/Users/zhangqiankun/primeton/storage-eosplatform80/storage-eosplatform80/org/springframework/boot/spring-boot-starter-tomcat/1.5.9.RELEASE/spring-boot-starter-tomcat-1.5.9.RELEASE.jar:/Users/zhangqiankun/primeton/storage-eosplatform80/storage-eosplatform80/org/apache/tomcat/embed/tomcat-embed-core/8.5.23/tomcat-embed-core-8.5.23.jar:/Users/zhangqiankun/primeton/storage-eosplatform80/storage-eosplatform80/org/apache/tomcat/tomcat-annotations-api/8.5.23/tomcat-annotations-api-8.5.23.jar:/Users/zhangqiankun/primeton/storage-eosplatform80/storage-eosplatform80/org/apache/tomcat/embed/tomcat-embed-el/8.5.23/tomcat-embed-el-8.5.23.jar:/Users/zhangqiankun/primeton/storage-eosplatform80/storage-eosplatform80/org/apache/tomcat/embed/tomcat-embed-websocket/8.5.23/tomcat-embed-websocket-8.5.23.jar:/Users/zhangqiankun/primeton/storage-eosplatform80/storage-eosplatform80/org/hibernate/hibernate-validator/5.3.6.Final/hibernate-validator-5.3.6.Final.jar:/Users/zhangqiankun/primeton/storage-eosplatform80/storage-eosplatform80/com/fasterxml/classmate/1.3.4/classmate-1.3.4.jar:/Users/zhangqiankun/primeton/storage-eosplatform80/storage-eosplatform80/com/fasterxml/jackson/core/jackson-databind/2.8.10/jackson-databind-2.8.10.jar:/Users/zhangqiankun/primeton/storage-eosplatform80/storage-eosplatform80/com/fasterxml/jackson/core/jackson-annotations/2.8.0/jackson-annotations-2.8.0.jar:/Users/zhangqiankun/primeton/storage-eosplatform80/storage-eosplatform80/com/fasterxml/jackson/core/jackson-core/2.8.10/jackson-core-2.8.10.jar:/Users/zhangqiankun/primeton/storage-eosplatform80/storage-eosplatform80/org/springframework/spring-web/4.3.13.RELEASE/spring-web-4.3.13.RELEASE.jar:/Users/zhangqiankun/primeton/storage-eosplatform80/storage-eosplatform80/org/springframework/spring-webmvc/4.3.13.RELEASE/spring-webmvc-4.3.13.RELEASE.jar:/Users/zhangqiankun/primeton/storage-eosplatform80/storage-eosplatform80/org/springframework/spring-expression/4.3.13.RELEASE/spring-expression-4.3.13.RELEASE.jar:/Users/zhangqiankun/primeton/storage-eosplatform80/storage-eosplatform80/com/h2database/h2/1.4.196/h2-1.4.196.jar:/Users/zhangqiankun/primeton/storage-eosplatform80/storage-eosplatform80/org/springframework/boot/spring-boot-starter-test/1.5.9.RELEASE/spring-boot-starter-test-1.5.9.RELEASE.jar:/Users/zhangqiankun/primeton/storage-eosplatform80/storage-eosplatform80/org/springframework/boot/spring-boot-test/1.5.9.RELEASE/spring-boot-test-1.5.9.RELEASE.jar:/Users/zhangqiankun/primeton/storage-eosplatform80/storage-eosplatform80/org/springframework/boot/spring-boot-test-autoconfigure/1.5.9.RELEASE/spring-boot-test-autoconfigure-1.5.9.RELEASE.jar:/Users/zhangqiankun/primeton/storage-eosplatform80/storage-eosplatform80/com/jayway/jsonpath/json-path/2.2.0/json-path-2.2.0.jar:/Users/zhangqiankun/primeton/storage-eosplatform80/storage-eosplatform80/net/minidev/json-smart/2.2.1/json-smart-2.2.1.jar:/Users/zhangqiankun/primeton/storage-eosplatform80/storage-eosplatform80/net/minidev/accessors-smart/1.1/accessors-smart-1.1.jar:/Users/zhangqiankun/primeton/storage-eosplatform80/storage-eosplatform80/org/ow2/asm/asm/5.0.3/asm-5.0.3.jar:/Users/zhangqiankun/primeton/storage-eosplatform80/storage-eosplatform80/junit/junit/4.12/junit-4.12.jar:/Users/zhangqiankun/primeton/storage-eosplatform80/storage-eosplatform80/org/assertj/assertj-core/2.6.0/assertj-core-2.6.0.jar:/Users/zhangqiankun/primeton/storage-eosplatform80/storage-eosplatform80/org/mockito/mockito-core/1.10.19/mockito-core-1.10.19.jar:/Users/zhangqiankun/primeton/storage-eosplatform80/storage-eosplatform80/org/objenesis/objenesis/2.1/objenesis-2.1.jar:/Users/zhangqiankun/primeton/storage-eosplatform80/storage-eosplatform80/org/hamcrest/hamcrest-core/1.3/hamcrest-core-1.3.jar:/Users/zhangqiankun/primeton/storage-eosplatform80/storage-eosplatform80/org/hamcrest/hamcrest-library/1.3/hamcrest-library-1.3.jar:/Users/zhangqiankun/primeton/storage-eosplatform80/storage-eosplatform80/org/skyscreamer/jsonassert/1.4.0/jsonassert-1.4.0.jar:/Users/zhangqiankun/primeton/storage-eosplatform80/storage-eosplatform80/org/springframework/spring-core/4.3.13.RELEASE/spring-core-4.3.13.RELEASE.jar:/Users/zhangqiankun/primeton/storage-eosplatform80/storage-eosplatform80/org/springframework/spring-test/4.3.13.RELEASE/spring-test-4.3.13.RELEASE.jar:/Users/zhangqiankun/primeton/storage-eosplatform80/storage-eosplatform80/org/springframework/boot/spring-boot-configuration-processor/1.5.9.RELEASE/spring-boot-configuration-processor-1.5.9.RELEASE.jar:/Users/zhangqiankun/primeton/storage-eosplatform80/storage-eosplatform80/com/vaadin/external/google/android-json/0.0.20131108.vaadin1/android-json-0.0.20131108.vaadin1.jar:/Users/zhangqiankun/primeton/storage-eosplatform80/storage-eosplatform80/org/springframework/boot/spring-boot-starter-thymeleaf/1.5.9.RELEASE/spring-boot-starter-thymeleaf-1.5.9.RELEASE.jar:/Users/zhangqiankun/primeton/storage-eosplatform80/storage-eosplatform80/org/thymeleaf/thymeleaf-spring4/2.1.6.RELEASE/thymeleaf-spring4-2.1.6.RELEASE.jar:/Users/zhangqiankun/primeton/storage-eosplatform80/storage-eosplatform80/org/thymeleaf/thymeleaf/2.1.6.RELEASE/thymeleaf-2.1.6.RELEASE.jar:/Users/zhangqiankun/primeton/storage-eosplatform80/storage-eosplatform80/ognl/ognl/3.0.8/ognl-3.0.8.jar:/Users/zhangqiankun/primeton/storage-eosplatform80/storage-eosplatform80/org/unbescape/unbescape/1.1.0.RELEASE/unbescape-1.1.0.RELEASE.jar:/Users/zhangqiankun/primeton/storage-eosplatform80/storage-eosplatform80/nz/net/ultraq/thymeleaf/thymeleaf-layout-dialect/1.4.0/thymeleaf-layout-dialect-1.4.0.jar:/Users/zhangqiankun/primeton/storage-eosplatform80/storage-eosplatform80/org/codehaus/groovy/groovy/2.4.13/groovy-2.4.13.jar:/Users/zhangqiankun/primeton/storage-eosplatform80/storage-eosplatform80/net/sourceforge/nekohtml/nekohtml/1.9.22/nekohtml-1.9.22.jar:/Users/zhangqiankun/primeton/storage-eosplatform80/storage-eosplatform80/xerces/xercesImpl/2.11.0/xercesImpl-2.11.0.jar:/Users/zhangqiankun/primeton/storage-eosplatform80/storage-eosplatform80/xml-apis/xml-apis/1.4.01/xml-apis-1.4.01.jar:/Users/zhangqiankun/primeton/storage-eosplatform80/storage-eosplatform80/org/apache/shiro/shiro-spring/1.4.0/shiro-spring-1.4.0.jar:/Users/zhangqiankun/primeton/storage-eosplatform80/storage-eosplatform80/org/apache/shiro/shiro-core/1.4.0/shiro-core-1.4.0.jar:/Users/zhangqiankun/primeton/storage-eosplatform80/storage-eosplatform80/org/apache/shiro/shiro-lang/1.4.0/shiro-lang-1.4.0.jar:/Users/zhangqiankun/primeton/storage-eosplatform80/storage-eosplatform80/org/apache/shiro/shiro-cache/1.4.0/shiro-cache-1.4.0.jar:/Users/zhangqiankun/primeton/storage-eosplatform80/storage-eosplatform80/org/apache/shiro/shiro-crypto-hash/1.4.0/shiro-crypto-hash-1.4.0.jar:/Users/zhangqiankun/primeton/storage-eosplatform80/storage-eosplatform80/org/apache/shiro/shiro-crypto-core/1.4.0/shiro-crypto-core-1.4.0.jar:/Users/zhangqiankun/primeton/storage-eosplatform80/storage-eosplatform80/org/apache/shiro/shiro-crypto-cipher/1.4.0/shiro-crypto-cipher-1.4.0.jar:/Users/zhangqiankun/primeton/storage-eosplatform80/storage-eosplatform80/org/apache/shiro/shiro-config-core/1.4.0/shiro-config-core-1.4.0.jar:/Users/zhangqiankun/primeton/storage-eosplatform80/storage-eosplatform80/org/apache/shiro/shiro-config-ogdl/1.4.0/shiro-config-ogdl-1.4.0.jar:/Users/zhangqiankun/primeton/storage-eosplatform80/storage-eosplatform80/commons-beanutils/commons-beanutils/1.9.3/commons-beanutils-1.9.3.jar:/Users/zhangqiankun/primeton/storage-eosplatform80/storage-eosplatform80/commons-collections/commons-collections/3.2.2/commons-collections-3.2.2.jar:/Users/zhangqiankun/primeton/storage-eosplatform80/storage-eosplatform80/org/apache/shiro/shiro-event/1.4.0/shiro-event-1.4.0.jar:/Users/zhangqiankun/primeton/storage-eosplatform80/storage-eosplatform80/org/apache/shiro/shiro-web/1.4.0/shiro-web-1.4.0.jar:/Users/zhangqiankun/primeton/storage-eosplatform80/storage-eosplatform80/cn/afterturn/easypoi-base/3.0.3/easypoi-base-3.0.3.jar:/Users/zhangqiankun/primeton/storage-eosplatform80/storage-eosplatform80/org/apache/poi/poi/3.15/poi-3.15.jar:/Users/zhangqiankun/primeton/storage-eosplatform80/storage-eosplatform80/commons-codec/commons-codec/1.10/commons-codec-1.10.jar:/Users/zhangqiankun/primeton/storage-eosplatform80/storage-eosplatform80/org/apache/commons/commons-collections4/4.1/commons-collections4-4.1.jar:/Users/zhangqiankun/primeton/storage-eosplatform80/storage-eosplatform80/org/apache/poi/poi-ooxml/3.15/poi-ooxml-3.15.jar:/Users/zhangqiankun/primeton/storage-eosplatform80/storage-eosplatform80/com/github/virtuald/curvesapi/1.04/curvesapi-1.04.jar:/Users/zhangqiankun/primeton/storage-eosplatform80/storage-eosplatform80/org/apache/poi/poi-ooxml-schemas/3.15/poi-ooxml-schemas-3.15.jar:/Users/zhangqiankun/primeton/storage-eosplatform80/storage-eosplatform80/org/apache/xmlbeans/xmlbeans/2.6.0/xmlbeans-2.6.0.jar:/Users/zhangqiankun/primeton/storage-eosplatform80/storage-eosplatform80/stax/stax-api/1.0.1/stax-api-1.0.1.jar:/Users/zhangqiankun/primeton/storage-eosplatform80/storage-eosplatform80/com/google/guava/guava/16.0.1/guava-16.0.1.jar:/Users/zhangqiankun/primeton/storage-eosplatform80/storage-eosplatform80/org/apache/commons/commons-lang3/3.2.1/commons-lang3-3.2.1.jar:/Users/zhangqiankun/primeton/storage-eosplatform80/storage-eosplatform80/org/slf4j/slf4j-api/1.7.25/slf4j-api-1.7.25.jar:/Users/zhangqiankun/primeton/storage-eosplatform80/storage-eosplatform80/javax/validation/validation-api/1.1.0.Final/validation-api-1.1.0.Final.jar:/Users/zhangqiankun/primeton/storage-eosplatform80/storage-eosplatform80/cn/afterturn/easypoi-web/3.0.3/easypoi-web-3.0.3.jar:/Users/zhangqiankun/primeton/storage-eosplatform80/storage-eosplatform80/cn/afterturn/easypoi-annotation/3.0.3/easypoi-annotation-3.0.3.jar:, java.specification.name=Java Platform API Specification, java.class.version=52.0, sun.management.compiler=HotSpot 64-Bit Tiered Compilers, os.version=10.13.3, user.home=/Users/zhangqiankun, user.timezone=Asia/Shanghai, java.awt.printerjob=sun.lwawt.macosx.CPrinterJob, file.encoding=UTF-8, java.specification.version=1.8, java.class.path=/Users/zhangqiankun/develop/gitsource/GOE/project-geo-dbserver/target/test-classes:/Users/zhangqiankun/develop/gitsource/GOE/project-geo-dbserver/target/classes:/Users/zhangqiankun/primeton/storage-eosplatform80/storage-eosplatform80/org/springframework/boot/spring-boot-starter-data-jpa/1.5.9.RELEASE/spring-boot-starter-data-jpa-1.5.9.RELEASE.jar:/Users/zhangqiankun/primeton/storage-eosplatform80/storage-eosplatform80/org/springframework/boot/spring-boot-starter/1.5.9.RELEASE/spring-boot-starter-1.5.9.RELEASE.jar:/Users/zhangqiankun/primeton/storage-eosplatform80/storage-eosplatform80/org/springframework/boot/spring-boot/1.5.9.RELEASE/spring-boot-1.5.9.RELEASE.jar:/Users/zhangqiankun/primeton/storage-eosplatform80/storage-eosplatform80/org/springframework/boot/spring-boot-autoconfigure/1.5.9.RELEASE/spring-boot-autoconfigure-1.5.9.RELEASE.jar:/Users/zhangqiankun/primeton/storage-eosplatform80/storage-eosplatform80/org/springframework/boot/spring-boot-starter-logging/1.5.9.RELEASE/spring-boot-starter-logging-1.5.9.RELEASE.jar:/Users/zhangqiankun/primeton/storage-eosplatform80/storage-eosplatform80/ch/qos/logback/logback-classic/1.1.11/logback-classic-1.1.11.jar:/Users/zhangqiankun/primeton/storage-eosplatform80/storage-eosplatform80/ch/qos/logback/logback-core/1.1.11/logback-core-1.1.11.jar:/Users/zhangqiankun/primeton/storage-eosplatform80/storage-eosplatform80/org/slf4j/jul-to-slf4j/1.7.25/jul-to-slf4j-1.7.25.jar:/Users/zhangqiankun/primeton/storage-eosplatform80/storage-eosplatform80/org/slf4j/log4j-over-slf4j/1.7.25/log4j-over-slf4j-1.7.25.jar:/Users/zhangqiankun/primeton/storage-eosplatform80/storage-eosplatform80/org/yaml/snakeyaml/1.17/snakeyaml-1.17.jar:/Users/zhangqiankun/primeton/storage-eosplatform80/storage-eosplatform80/org/springframework/boot/spring-boot-starter-aop/1.5.9.RELEASE/spring-boot-starter-aop-1.5.9.RELEASE.jar:/Users/zhangqiankun/primeton/storage-eosplatform80/storage-eosplatform80/org/springframework/spring-aop/4.3.13.RELEASE/spring-aop-4.3.13.RELEASE.jar:/Users/zhangqiankun/primeton/storage-eosplatform80/storage-eosplatform80/org/aspectj/aspectjweaver/1.8.13/aspectjweaver-1.8.13.jar:/Users/zhangqiankun/primeton/storage-eosplatform80/storage-eosplatform80/org/hibernate/hibernate-core/5.0.12.Final/hibernate-core-5.0.12.Final.jar:/Users/zhangqiankun/primeton/storage-eosplatform80/storage-eosplatform80/org/jboss/logging/jboss-logging/3.3.1.Final/jboss-logging-3.3.1.Final.jar:/Users/zhangqiankun/primeton/storage-eosplatform80/storage-eosplatform80/org/hibernate/javax/persistence/hibernate-jpa-2.1-api/1.0.0.Final/hibernate-jpa-2.1-api-1.0.0.Final.jar:/Users/zhangqiankun/primeton/storage-eosplatform80/storage-eosplatform80/org/javassist/javassist/3.21.0-GA/javassist-3.21.0-GA.jar:/Users/zhangqiankun/primeton/storage-eosplatform80/storage-eosplatform80/antlr/antlr/2.7.7/antlr-2.7.7.jar:/Users/zhangqiankun/primeton/storage-eosplatform80/storage-eosplatform80/org/jboss/jandex/2.0.0.Final/jandex-2.0.0.Final.jar:/Users/zhangqiankun/primeton/storage-eosplatform80/storage-eosplatform80/dom4j/dom4j/1.6.1/dom4j-1.6.1.jar:/Users/zhangqiankun/primeton/storage-eosplatform80/storage-eosplatform80/org/hibernate/common/hibernate-commons-annotations/5.0.1.Final/hibernate-commons-annotations-5.0.1.Final.jar:/Users/zhangqiankun/primeton/storage-eosplatform80/storage-eosplatform80/org/hibernate/hibernate-entitymanager/5.0.12.Final/hibernate-entitymanager-5.0.12.Final.jar:/Users/zhangqiankun/primeton/storage-eosplatform80/storage-eosplatform80/javax/transaction/javax.transaction-api/1.2/javax.transaction-api-1.2.jar:/Users/zhangqiankun/primeton/storage-eosplatform80/storage-eosplatform80/org/springframework/data/spring-data-jpa/1.11.9.RELEASE/spring-data-jpa-1.11.9.RELEASE.jar:/Users/zhangqiankun/primeton/storage-eosplatform80/storage-eosplatform80/org/springframework/data/spring-data-commons/1.13.9.RELEASE/spring-data-commons-1.13.9.RELEASE.jar:/Users/zhangqiankun/primeton/storage-eosplatform80/storage-eosplatform80/org/springframework/spring-orm/4.3.13.RELEASE/spring-orm-4.3.13.RELEASE.jar:/Users/zhangqiankun/primeton/storage-eosplatform80/storage-eosplatform80/org/springframework/spring-context/4.3.13.RELEASE/spring-context-4.3.13.RELEASE.jar:/Users/zhangqiankun/primeton/storage-eosplatform80/storage-eosplatform80/org/springframework/spring-tx/4.3.13.RELEASE/spring-tx-4.3.13.RELEASE.jar:/Users/zhangqiankun/primeton/storage-eosplatform80/storage-eosplatform80/org/springframework/spring-beans/4.3.13.RELEASE/spring-beans-4.3.13.RELEASE.jar:/Users/zhangqiankun/primeton/storage-eosplatform80/storage-eosplatform80/org/slf4j/jcl-over-slf4j/1.7.25/jcl-over-slf4j-1.7.25.jar:/Users/zhangqiankun/primeton/storage-eosplatform80/storage-eosplatform80/org/springframework/spring-aspects/4.3.13.RELEASE/spring-aspects-4.3.13.RELEASE.jar:/Users/zhangqiankun/primeton/storage-eosplatform80/storage-eosplatform80/org/springframework/boot/spring-boot-starter-jdbc/1.5.9.RELEASE/spring-boot-starter-jdbc-1.5.9.RELEASE.jar:/Users/zhangqiankun/primeton/storage-eosplatform80/storage-eosplatform80/org/apache/tomcat/tomcat-jdbc/8.5.23/tomcat-jdbc-8.5.23.jar:/Users/zhangqiankun/primeton/storage-eosplatform80/storage-eosplatform80/org/apache/tomcat/tomcat-juli/8.5.23/tomcat-juli-8.5.23.jar:/Users/zhangqiankun/primeton/storage-eosplatform80/storage-eosplatform80/org/springframework/spring-jdbc/4.3.13.RELEASE/spring-jdbc-4.3.13.RELEASE.jar:/Users/zhangqiankun/primeton/storage-eosplatform80/storage-eosplatform80/mysql/mysql-connector-java/5.1.44/mysql-connector-java-5.1.44.jar:/Users/zhangqiankun/primeton/storage-eosplatform80/storage-eosplatform80/org/springframework/boot/spring-boot-starter-web/1.5.9.RELEASE/spring-boot-starter-web-1.5.9.RELEASE.jar:/Users/zhangqiankun/primeton/storage-eosplatform80/storage-eosplatform80/org/springframework/boot/spring-boot-starter-tomcat/1.5.9.RELEASE/spring-boot-starter-tomcat-1.5.9.RELEASE.jar:/Users/zhangqiankun/primeton/storage-eosplatform80/storage-eosplatform80/org/apache/tomcat/embed/tomcat-embed-core/8.5.23/tomcat-embed-core-8.5.23.jar:/Users/zhangqiankun/primeton/storage-eosplatform80/storage-eosplatform80/org/apache/tomcat/tomcat-annotations-api/8.5.23/tomcat-annotations-api-8.5.23.jar:/Users/zhangqiankun/primeton/storage-eosplatform80/storage-eosplatform80/org/apache/tomcat/embed/tomcat-embed-el/8.5.23/tomcat-embed-el-8.5.23.jar:/Users/zhangqiankun/primeton/storage-eosplatform80/storage-eosplatform80/org/apache/tomcat/embed/tomcat-embed-websocket/8.5.23/tomcat-embed-websocket-8.5.23.jar:/Users/zhangqiankun/primeton/storage-eosplatform80/storage-eosplatform80/org/hibernate/hibernate-validator/5.3.6.Final/hibernate-validator-5.3.6.Final.jar:/Users/zhangqiankun/primeton/storage-eosplatform80/storage-eosplatform80/com/fasterxml/classmate/1.3.4/classmate-1.3.4.jar:/Users/zhangqiankun/primeton/storage-eosplatform80/storage-eosplatform80/com/fasterxml/jackson/core/jackson-databind/2.8.10/jackson-databind-2.8.10.jar:/Users/zhangqiankun/primeton/storage-eosplatform80/storage-eosplatform80/com/fasterxml/jackson/core/jackson-annotations/2.8.0/jackson-annotations-2.8.0.jar:/Users/zhangqiankun/primeton/storage-eosplatform80/storage-eosplatform80/com/fasterxml/jackson/core/jackson-core/2.8.10/jackson-core-2.8.10.jar:/Users/zhangqiankun/primeton/storage-eosplatform80/storage-eosplatform80/org/springframework/spring-web/4.3.13.RELEASE/spring-web-4.3.13.RELEASE.jar:/Users/zhangqiankun/primeton/storage-eosplatform80/storage-eosplatform80/org/springframework/spring-webmvc/4.3.13.RELEASE/spring-webmvc-4.3.13.RELEASE.jar:/Users/zhangqiankun/primeton/storage-eosplatform80/storage-eosplatform80/org/springframework/spring-expression/4.3.13.RELEASE/spring-expression-4.3.13.RELEASE.jar:/Users/zhangqiankun/primeton/storage-eosplatform80/storage-eosplatform80/com/h2database/h2/1.4.196/h2-1.4.196.jar:/Users/zhangqiankun/primeton/storage-eosplatform80/storage-eosplatform80/org/springframework/boot/spring-boot-starter-test/1.5.9.RELEASE/spring-boot-starter-test-1.5.9.RELEASE.jar:/Users/zhangqiankun/primeton/storage-eosplatform80/storage-eosplatform80/org/springframework/boot/spring-boot-test/1.5.9.RELEASE/spring-boot-test-1.5.9.RELEASE.jar:/Users/zhangqiankun/primeton/storage-eosplatform80/storage-eosplatform80/org/springframework/boot/spring-boot-test-autoconfigure/1.5.9.RELEASE/spring-boot-test-autoconfigure-1.5.9.RELEASE.jar:/Users/zhangqiankun/primeton/storage-eosplatform80/storage-eosplatform80/com/jayway/jsonpath/json-path/2.2.0/json-path-2.2.0.jar:/Users/zhangqiankun/primeton/storage-eosplatform80/storage-eosplatform80/net/minidev/json-smart/2.2.1/json-smart-2.2.1.jar:/Users/zhangqiankun/primeton/storage-eosplatform80/storage-eosplatform80/net/minidev/accessors-smart/1.1/accessors-smart-1.1.jar:/Users/zhangqiankun/primeton/storage-eosplatform80/storage-eosplatform80/org/ow2/asm/asm/5.0.3/asm-5.0.3.jar:/Users/zhangqiankun/primeton/storage-eosplatform80/storage-eosplatform80/junit/junit/4.12/junit-4.12.jar:/Users/zhangqiankun/primeton/storage-eosplatform80/storage-eosplatform80/org/assertj/assertj-core/2.6.0/assertj-core-2.6.0.jar:/Users/zhangqiankun/primeton/storage-eosplatform80/storage-eosplatform80/org/mockito/mockito-core/1.10.19/mockito-core-1.10.19.jar:/Users/zhangqiankun/primeton/storage-eosplatform80/storage-eosplatform80/org/objenesis/objenesis/2.1/objenesis-2.1.jar:/Users/zhangqiankun/primeton/storage-eosplatform80/storage-eosplatform80/org/hamcrest/hamcrest-core/1.3/hamcrest-core-1.3.jar:/Users/zhangqiankun/primeton/storage-eosplatform80/storage-eosplatform80/org/hamcrest/hamcrest-library/1.3/hamcrest-library-1.3.jar:/Users/zhangqiankun/primeton/storage-eosplatform80/storage-eosplatform80/org/skyscreamer/jsonassert/1.4.0/jsonassert-1.4.0.jar:/Users/zhangqiankun/primeton/storage-eosplatform80/storage-eosplatform80/org/springframework/spring-core/4.3.13.RELEASE/spring-core-4.3.13.RELEASE.jar:/Users/zhangqiankun/primeton/storage-eosplatform80/storage-eosplatform80/org/springframework/spring-test/4.3.13.RELEASE/spring-test-4.3.13.RELEASE.jar:/Users/zhangqiankun/primeton/storage-eosplatform80/storage-eosplatform80/org/springframework/boot/spring-boot-configuration-processor/1.5.9.RELEASE/spring-boot-configuration-processor-1.5.9.RELEASE.jar:/Users/zhangqiankun/primeton/storage-eosplatform80/storage-eosplatform80/com/vaadin/external/google/android-json/0.0.20131108.vaadin1/android-json-0.0.20131108.vaadin1.jar:/Users/zhangqiankun/primeton/storage-eosplatform80/storage-eosplatform80/org/springframework/boot/spring-boot-starter-thymeleaf/1.5.9.RELEASE/spring-boot-starter-thymeleaf-1.5.9.RELEASE.jar:/Users/zhangqiankun/primeton/storage-eosplatform80/storage-eosplatform80/org/thymeleaf/thymeleaf-spring4/2.1.6.RELEASE/thymeleaf-spring4-2.1.6.RELEASE.jar:/Users/zhangqiankun/primeton/storage-eosplatform80/storage-eosplatform80/org/thymeleaf/thymeleaf/2.1.6.RELEASE/thymeleaf-2.1.6.RELEASE.jar:/Users/zhangqiankun/primeton/storage-eosplatform80/storage-eosplatform80/ognl/ognl/3.0.8/ognl-3.0.8.jar:/Users/zhangqiankun/primeton/storage-eosplatform80/storage-eosplatform80/org/unbescape/unbescape/1.1.0.RELEASE/unbescape-1.1.0.RELEASE.jar:/Users/zhangqiankun/primeton/storage-eosplatform80/storage-eosplatform80/nz/net/ultraq/thymeleaf/thymeleaf-layout-dialect/1.4.0/thymeleaf-layout-dialect-1.4.0.jar:/Users/zhangqiankun/primeton/storage-eosplatform80/storage-eosplatform80/org/codehaus/groovy/groovy/2.4.13/groovy-2.4.13.jar:/Users/zhangqiankun/primeton/storage-eosplatform80/storage-eosplatform80/net/sourceforge/nekohtml/nekohtml/1.9.22/nekohtml-1.9.22.jar:/Users/zhangqiankun/primeton/storage-eosplatform80/storage-eosplatform80/xerces/xercesImpl/2.11.0/xercesImpl-2.11.0.jar:/Users/zhangqiankun/primeton/storage-eosplatform80/storage-eosplatform80/xml-apis/xml-apis/1.4.01/xml-apis-1.4.01.jar:/Users/zhangqiankun/primeton/storage-eosplatform80/storage-eosplatform80/org/apache/shiro/shiro-spring/1.4.0/shiro-spring-1.4.0.jar:/Users/zhangqiankun/primeton/storage-eosplatform80/storage-eosplatform80/org/apache/shiro/shiro-core/1.4.0/shiro-core-1.4.0.jar:/Users/zhangqiankun/primeton/storage-eosplatform80/storage-eosplatform80/org/apache/shiro/shiro-lang/1.4.0/shiro-lang-1.4.0.jar:/Users/zhangqiankun/primeton/storage-eosplatform80/storage-eosplatform80/org/apache/shiro/shiro-cache/1.4.0/shiro-cache-1.4.0.jar:/Users/zhangqiankun/primeton/storage-eosplatform80/storage-eosplatform80/org/apache/shiro/shiro-crypto-hash/1.4.0/shiro-crypto-hash-1.4.0.jar:/Users/zhangqiankun/primeton/storage-eosplatform80/storage-eosplatform80/org/apache/shiro/shiro-crypto-core/1.4.0/shiro-crypto-core-1.4.0.jar:/Users/zhangqiankun/primeton/storage-eosplatform80/storage-eosplatform80/org/apache/shiro/shiro-crypto-cipher/1.4.0/shiro-crypto-cipher-1.4.0.jar:/Users/zhangqiankun/primeton/storage-eosplatform80/storage-eosplatform80/org/apache/shiro/shiro-config-core/1.4.0/shiro-config-core-1.4.0.jar:/Users/zhangqiankun/primeton/storage-eosplatform80/storage-eosplatform80/org/apache/shiro/shiro-config-ogdl/1.4.0/shiro-config-ogdl-1.4.0.jar:/Users/zhangqiankun/primeton/storage-eosplatform80/storage-eosplatform80/commons-beanutils/commons-beanutils/1.9.3/commons-beanutils-1.9.3.jar:/Users/zhangqiankun/primeton/storage-eosplatform80/storage-eosplatform80/commons-collections/commons-collections/3.2.2/commons-collections-3.2.2.jar:/Users/zhangqiankun/primeton/storage-eosplatform80/storage-eosplatform80/org/apache/shiro/shiro-event/1.4.0/shiro-event-1.4.0.jar:/Users/zhangqiankun/primeton/storage-eosplatform80/storage-eosplatform80/org/apache/shiro/shiro-web/1.4.0/shiro-web-1.4.0.jar:/Users/zhangqiankun/primeton/storage-eosplatform80/storage-eosplatform80/cn/afterturn/easypoi-base/3.0.3/easypoi-base-3.0.3.jar:/Users/zhangqiankun/primeton/storage-eosplatform80/storage-eosplatform80/org/apache/poi/poi/3.15/poi-3.15.jar:/Users/zhangqiankun/primeton/storage-eosplatform80/storage-eosplatform80/commons-codec/commons-codec/1.10/commons-codec-1.10.jar:/Users/zhangqiankun/primeton/storage-eosplatform80/storage-eosplatform80/org/apache/commons/commons-collections4/4.1/commons-collections4-4.1.jar:/Users/zhangqiankun/primeton/storage-eosplatform80/storage-eosplatform80/org/apache/poi/poi-ooxml/3.15/poi-ooxml-3.15.jar:/Users/zhangqiankun/primeton/storage-eosplatform80/storage-eosplatform80/com/github/virtuald/curvesapi/1.04/curvesapi-1.04.jar:/Users/zhangqiankun/primeton/storage-eosplatform80/storage-eosplatform80/org/apache/poi/poi-ooxml-schemas/3.15/poi-ooxml-schemas-3.15.jar:/Users/zhangqiankun/primeton/storage-eosplatform80/storage-eosplatform80/org/apache/xmlbeans/xmlbeans/2.6.0/xmlbeans-2.6.0.jar:/Users/zhangqiankun/primeton/storage-eosplatform80/storage-eosplatform80/stax/stax-api/1.0.1/stax-api-1.0.1.jar:/Users/zhangqiankun/primeton/storage-eosplatform80/storage-eosplatform80/com/google/guava/guava/16.0.1/guava-16.0.1.jar:/Users/zhangqiankun/primeton/storage-eosplatform80/storage-eosplatform80/org/apache/commons/commons-lang3/3.2.1/commons-lang3-3.2.1.jar:/Users/zhangqiankun/primeton/storage-eosplatform80/storage-eosplatform80/org/slf4j/slf4j-api/1.7.25/slf4j-api-1.7.25.jar:/Users/zhangqiankun/primeton/storage-eosplatform80/storage-eosplatform80/javax/validation/validation-api/1.1.0.Final/validation-api-1.1.0.Final.jar:/Users/zhangqiankun/primeton/storage-eosplatform80/storage-eosplatform80/cn/afterturn/easypoi-web/3.0.3/easypoi-web-3.0.3.jar:/Users/zhangqiankun/primeton/storage-eosplatform80/storage-eosplatform80/cn/afterturn/easypoi-annotation/3.0.3/easypoi-annotation-3.0.3.jar:, user.name=zhangqiankun, socksProxyHost=127.0.0.1, java.vm.specification.version=1.8, sun.java.command=/Users/zhangqiankun/develop/gitsource/GOE/project-geo-dbserver/target/surefire/surefirebooter7138271239798612184.jar /Users/zhangqiankun/develop/gitsource/GOE/project-geo-dbserver/target/surefire/surefire8557056218245221999tmp /Users/zhangqiankun/develop/gitsource/GOE/project-geo-dbserver/target/surefire/surefire_05137997810287012395tmp, java.home=/Library/Java/JavaVirtualMachines/jdk1.8.0_121.jdk/Contents/Home/jre, sun.arch.data.model=64, user.language=zh, java.specification.vendor=Oracle Corporation, user.language.format=en, awt.toolkit=sun.lwawt.macosx.LWCToolkit, java.vm.info=mixed mode, java.version=1.8.0_121, java.ext.dirs=/Users/zhangqiankun/Library/Java/Extensions:/Library/Java/JavaVirtualMachines/jdk1.8.0_121.jdk/Contents/Home/jre/lib/ext:/Library/Java/Extensions:/Network/Library/Java/Extensions:/System/Library/Java/Extensions:/usr/lib/java, sun.boot.class.path=/Library/Java/JavaVirtualMachines/jdk1.8.0_121.jdk/Contents/Home/jre/lib/resources.jar:/Library/Java/JavaVirtualMachines/jdk1.8.0_121.jdk/Contents/Home/jre/lib/rt.jar:/Library/Java/JavaVirtualMachines/jdk1.8.0_121.jdk/Contents/Home/jre/lib/sunrsasign.jar:/Library/Java/JavaVirtualMachines/jdk1.8.0_121.jdk/Contents/Home/jre/lib/jsse.jar:/Library/Java/JavaVirtualMachines/jdk1.8.0_121.jdk/Contents/Home/jre/lib/jce.jar:/Library/Java/JavaVirtualMachines/jdk1.8.0_121.jdk/Contents/Home/jre/lib/charsets.jar:/Library/Java/JavaVirtualMachines/jdk1.8.0_121.jdk/Contents/Home/jre/lib/jfr.jar:/Library/Java/JavaVirtualMachines/jdk1.8.0_121.jdk/Contents/Home/jre/classes, java.vendor=Oracle Corporation, localRepository=/Users/zhangqiankun/primeton/storage-eosplatform80/storage-eosplatform80, file.separator=/, java.vendor.url.bug=http://bugreport.sun.com/bugreport/, sun.io.unicode.encoding=UnicodeBig, sun.cpu.endian=little, sun.cpu.isalist=}}, SystemEnvironmentPropertySource@951880373 {name='systemEnvironment', properties={PATH=/usr/bin:/bin:/usr/sbin:/sbin, SHELL=/bin/bash, OLDPWD=/Users/zhangqiankun/develop/gitsource/GOE/project-geo-dbserver, SECURITYSESSIONID=186a8, APP_ICON_18676=../Resources/sts.icns, USER=zhangqiankun, TMPDIR=/var/folders/sr/m87c7fj1223dpq04tdt1px7h0000gn/T/, SSH_AUTH_SOCK=/private/tmp/com.apple.launchd.39KPmHOcJt/Listeners, DISPLAY=/private/tmp/com.apple.launchd.m6aIhPYcA4/org.macosforge.xquartz:0, XPC_FLAGS=0x0, JAVA_MAIN_CLASS_19091=org.codehaus.plexus.classworlds.launcher.Launcher, JAVA_MAIN_CLASS_19093=org.apache.maven.surefire.booter.ForkedBooter, __CF_USER_TEXT_ENCODING=0x1F5:0x19:0x34, Apple_PubSub_Socket_Render=/private/tmp/com.apple.launchd.nadJw127Kz/Render, LOGNAME=zhangqiankun, XPC_SERVICE_NAME=0, PWD=/Users/zhangqiankun/develop/gitsource/GOE/project-geo-dbserver, HOME=/Users/zhangqiankun, SHLVL=1, _=/Library/Java/JavaVirtualMachines/jdk1.8.0_121.jdk/Contents/Home/jre/bin/java}}]
14:58:15.761 [main] DEBUG org.springframework.core.io.support.PathMatchingResourcePatternResolver - Resolved classpath location [com/project/goe/projectgeodbserver/] to resources [URL [file:/Users/zhangqiankun/develop/gitsource/GOE/project-geo-dbserver/target/test-classes/com/project/goe/projectgeodbserver/], URL [file:/Users/zhangqiankun/develop/gitsource/GOE/project-geo-dbserver/target/classes/com/project/goe/projectgeodbserver/]]
14:58:15.762 [main] DEBUG org.springframework.core.io.support.PathMatchingResourcePatternResolver - Looking for matching resources in directory tree [/Users/zhangqiankun/develop/gitsource/GOE/project-geo-dbserver/target/test-classes/com/project/goe/projectgeodbserver]
14:58:15.764 [main] DEBUG org.springframework.core.io.support.PathMatchingResourcePatternResolver - Searching directory [/Users/zhangqiankun/develop/gitsource/GOE/project-geo-dbserver/target/test-classes/com/project/goe/projectgeodbserver] for files matching pattern [/Users/zhangqiankun/develop/gitsource/GOE/project-geo-dbserver/target/test-classes/com/project/goe/projectgeodbserver/*.class]
14:58:15.771 [main] DEBUG org.springframework.core.io.support.PathMatchingResourcePatternResolver - Looking for matching resources in directory tree [/Users/zhangqiankun/develop/gitsource/GOE/project-geo-dbserver/target/classes/com/project/goe/projectgeodbserver]
14:58:15.772 [main] DEBUG org.springframework.core.io.support.PathMatchingResourcePatternResolver - Searching directory [/Users/zhangqiankun/develop/gitsource/GOE/project-geo-dbserver/target/classes/com/project/goe/projectgeodbserver] for files matching pattern [/Users/zhangqiankun/develop/gitsource/GOE/project-geo-dbserver/target/classes/com/project/goe/projectgeodbserver/*.class]
14:58:15.775 [main] DEBUG org.springframework.core.io.support.PathMatchingResourcePatternResolver - Resolved location pattern [classpath*:com/project/goe/projectgeodbserver/*.class] to resources [file [/Users/zhangqiankun/develop/gitsource/GOE/project-geo-dbserver/target/test-classes/com/project/goe/projectgeodbserver/ProjectGeoDbserverApplicationTests.class], file [/Users/zhangqiankun/develop/gitsource/GOE/project-geo-dbserver/target/classes/com/project/goe/projectgeodbserver/ProjectGeoDbserverApplication.class]]
14:58:15.859 [main] DEBUG org.springframework.context.annotation.ClassPathScanningCandidateComponentProvider - Identified candidate component class: file [/Users/zhangqiankun/develop/gitsource/GOE/project-geo-dbserver/target/classes/com/project/goe/projectgeodbserver/ProjectGeoDbserverApplication.class]
14:58:15.860 [main] INFO org.springframework.boot.test.context.SpringBootTestContextBootstrapper - Found @SpringBootConfiguration com.project.goe.projectgeodbserver.ProjectGeoDbserverApplication for test class com.project.goe.projectgeodbserver.ProjectGeoDbserverApplicationTests
14:58:15.864 [main] DEBUG org.springframework.boot.test.context.SpringBootTestContextBootstrapper - @TestExecutionListeners is not present for class [com.project.goe.projectgeodbserver.ProjectGeoDbserverApplicationTests]: using defaults.
14:58:15.877 [main] INFO org.springframework.boot.test.context.SpringBootTestContextBootstrapper - Loaded default TestExecutionListener class names from location [META-INF/spring.factories]: [org.springframework.boot.test.mock.mockito.MockitoTestExecutionListener, org.springframework.boot.test.mock.mockito.ResetMocksTestExecutionListener, org.springframework.boot.test.autoconfigure.restdocs.RestDocsTestExecutionListener, org.springframework.boot.test.autoconfigure.web.client.MockRestServiceServerResetTestExecutionListener, org.springframework.boot.test.autoconfigure.web.servlet.MockMvcPrintOnlyOnFailureTestExecutionListener, org.springframework.boot.test.autoconfigure.web.servlet.WebDriverTestExecutionListener, org.springframework.test.context.web.ServletTestExecutionListener, org.springframework.test.context.support.DirtiesContextBeforeModesTestExecutionListener, org.springframework.test.context.support.DependencyInjectionTestExecutionListener, org.springframework.test.context.support.DirtiesContextTestExecutionListener, org.springframework.test.context.transaction.TransactionalTestExecutionListener, org.springframework.test.context.jdbc.SqlScriptsTestExecutionListener]
14:58:15.893 [main] INFO org.springframework.boot.test.context.SpringBootTestContextBootstrapper - Could not instantiate TestExecutionListener [org.springframework.test.context.web.ServletTestExecutionListener]. Specify custom listener classes or make the default listener classes (and their required dependencies) available. Offending class: [javax/servlet/ServletContext]
14:58:15.899 [main] INFO org.springframework.boot.test.context.SpringBootTestContextBootstrapper - Using TestExecutionListeners: [org.springframework.test.context.support.DirtiesContextBeforeModesTestExecutionListener@7bc1a03d, org.springframework.boot.test.autoconfigure.SpringBootDependencyInjectionTestExecutionListener@70b0b186, org.springframework.test.context.support.DirtiesContextTestExecutionListener@ba8d91c, org.springframework.test.context.transaction.TransactionalTestExecutionListener@7364985f, org.springframework.test.context.jdbc.SqlScriptsTestExecutionListener@5d20e46, org.springframework.boot.test.autoconfigure.restdocs.RestDocsTestExecutionListener@709ba3fb, org.springframework.boot.test.autoconfigure.web.servlet.MockMvcPrintOnlyOnFailureTestExecutionListener@3d36e4cd, org.springframework.boot.test.mock.mockito.MockitoTestExecutionListener@6a472554, org.springframework.boot.test.autoconfigure.web.servlet.WebDriverTestExecutionListener@7ff2a664, org.springframework.boot.test.autoconfigure.web.client.MockRestServiceServerResetTestExecutionListener@525b461a, org.springframework.boot.test.mock.mockito.ResetMocksTestExecutionListener@58c1c010]
14:58:15.901 [main] DEBUG org.springframework.test.annotation.ProfileValueUtils - Retrieved @ProfileValueSourceConfiguration [null] for test class [com.project.goe.projectgeodbserver.ProjectGeoDbserverApplicationTests]
14:58:15.902 [main] DEBUG org.springframework.test.annotation.ProfileValueUtils - Retrieved ProfileValueSource type [class org.springframework.test.annotation.SystemProfileValueSource] for class [com.project.goe.projectgeodbserver.ProjectGeoDbserverApplicationTests]
14:58:15.904 [main] DEBUG org.springframework.test.context.junit4.SpringJUnit4ClassRunner - SpringJUnit4ClassRunner constructor called with [class com.project.goe.projectgeodbserver.ProjectGeoDbserverApplicationTests]
14:58:15.905 [main] DEBUG org.springframework.test.context.BootstrapUtils - Instantiating CacheAwareContextLoaderDelegate from class [org.springframework.test.context.cache.DefaultCacheAwareContextLoaderDelegate]
14:58:15.905 [main] DEBUG org.springframework.test.context.BootstrapUtils - Instantiating BootstrapContext using constructor [public org.springframework.test.context.support.DefaultBootstrapContext(java.lang.Class,org.springframework.test.context.CacheAwareContextLoaderDelegate)]
14:58:15.905 [main] DEBUG org.springframework.test.context.BootstrapUtils - Instantiating TestContextBootstrapper for test class [com.project.goe.projectgeodbserver.ProjectGeoDbserverApplicationTests] from class [org.springframework.boot.test.context.SpringBootTestContextBootstrapper]
14:58:15.906 [main] INFO org.springframework.boot.test.context.SpringBootTestContextBootstrapper - Neither @ContextConfiguration nor @ContextHierarchy found for test class [com.project.goe.projectgeodbserver.ProjectGeoDbserverApplicationTests], using SpringBootContextLoader
14:58:15.907 [main] DEBUG org.springframework.test.context.support.AbstractContextLoader - Did not detect default resource location for test class [com.project.goe.projectgeodbserver.ProjectGeoDbserverApplicationTests]: class path resource [com/project/goe/projectgeodbserver/ProjectGeoDbserverApplicationTests-context.xml] does not exist
14:58:15.907 [main] DEBUG org.springframework.test.context.support.AbstractContextLoader - Did not detect default resource location for test class [com.project.goe.projectgeodbserver.ProjectGeoDbserverApplicationTests]: class path resource [com/project/goe/projectgeodbserver/ProjectGeoDbserverApplicationTestsContext.groovy] does not exist
14:58:15.908 [main] INFO org.springframework.test.context.support.AbstractContextLoader - Could not detect default resource locations for test class [com.project.goe.projectgeodbserver.ProjectGeoDbserverApplicationTests]: no resource found for suffixes {-context.xml, Context.groovy}.
14:58:15.908 [main] INFO org.springframework.test.context.support.AnnotationConfigContextLoaderUtils - Could not detect default configuration classes for test class [com.project.goe.projectgeodbserver.ProjectGeoDbserverApplicationTests]: ProjectGeoDbserverApplicationTests does not declare any static, non-private, non-final, nested classes annotated with @Configuration.
14:58:15.937 [main] DEBUG org.springframework.test.context.support.ActiveProfilesUtils - Could not find an 'annotation declaring class' for annotation type [org.springframework.test.context.ActiveProfiles] and class [com.project.goe.projectgeodbserver.ProjectGeoDbserverApplicationTests]
14:58:15.938 [main] DEBUG org.springframework.core.env.StandardEnvironment - Adding PropertySource 'systemProperties' with lowest search precedence
14:58:15.938 [main] DEBUG org.springframework.core.env.StandardEnvironment - Adding PropertySource 'systemEnvironment' with lowest search precedence
14:58:15.939 [main] DEBUG org.springframework.core.env.StandardEnvironment - Initialized StandardEnvironment with PropertySources [MapPropertySource@436546048 {name='systemProperties', properties={java.runtime.name=Java(TM) SE Runtime Environment, sun.boot.library.path=/Library/Java/JavaVirtualMachines/jdk1.8.0_121.jdk/Contents/Home/jre/lib, java.vm.version=25.121-b13, gopherProxySet=false, java.vm.vendor=Oracle Corporation, java.vendor.url=http://java.oracle.com/, path.separator=:, java.vm.name=Java HotSpot(TM) 64-Bit Server VM, file.encoding.pkg=sun.io, user.country=CN, sun.java.launcher=SUN_STANDARD, sun.os.patch.level=unknown, java.vm.specification.name=Java Virtual Machine Specification, user.dir=/Users/zhangqiankun/develop/gitsource/GOE/project-geo-dbserver, java.runtime.version=1.8.0_121-b13, basedir=/Users/zhangqiankun/develop/gitsource/GOE/project-geo-dbserver, java.awt.graphicsenv=sun.awt.CGraphicsEnvironment, java.endorsed.dirs=/Library/Java/JavaVirtualMachines/jdk1.8.0_121.jdk/Contents/Home/jre/lib/endorsed, os.arch=x86_64, surefire.real.class.path=/Users/zhangqiankun/develop/gitsource/GOE/project-geo-dbserver/target/surefire/surefirebooter7138271239798612184.jar, java.io.tmpdir=/var/folders/sr/m87c7fj1223dpq04tdt1px7h0000gn/T/, line.separator=
, socksProxyPort=1080, java.vm.specification.vendor=Oracle Corporation, os.name=Mac OS X, sun.jnu.encoding=UTF-8, java.library.path=/Users/zhangqiankun/Library/Java/Extensions:/Library/Java/Extensions:/Network/Library/Java/Extensions:/System/Library/Java/Extensions:/usr/lib/java:., surefire.test.class.path=/Users/zhangqiankun/develop/gitsource/GOE/project-geo-dbserver/target/test-classes:/Users/zhangqiankun/develop/gitsource/GOE/project-geo-dbserver/target/classes:/Users/zhangqiankun/primeton/storage-eosplatform80/storage-eosplatform80/org/springframework/boot/spring-boot-starter-data-jpa/1.5.9.RELEASE/spring-boot-starter-data-jpa-1.5.9.RELEASE.jar:/Users/zhangqiankun/primeton/storage-eosplatform80/storage-eosplatform80/org/springframework/boot/spring-boot-starter/1.5.9.RELEASE/spring-boot-starter-1.5.9.RELEASE.jar:/Users/zhangqiankun/primeton/storage-eosplatform80/storage-eosplatform80/org/springframework/boot/spring-boot/1.5.9.RELEASE/spring-boot-1.5.9.RELEASE.jar:/Users/zhangqiankun/primeton/storage-eosplatform80/storage-eosplatform80/org/springframework/boot/spring-boot-autoconfigure/1.5.9.RELEASE/spring-boot-autoconfigure-1.5.9.RELEASE.jar:/Users/zhangqiankun/primeton/storage-eosplatform80/storage-eosplatform80/org/springframework/boot/spring-boot-starter-logging/1.5.9.RELEASE/spring-boot-starter-logging-1.5.9.RELEASE.jar:/Users/zhangqiankun/primeton/storage-eosplatform80/storage-eosplatform80/ch/qos/logback/logback-classic/1.1.11/logback-classic-1.1.11.jar:/Users/zhangqiankun/primeton/storage-eosplatform80/storage-eosplatform80/ch/qos/logback/logback-core/1.1.11/logback-core-1.1.11.jar:/Users/zhangqiankun/primeton/storage-eosplatform80/storage-eosplatform80/org/slf4j/jul-to-slf4j/1.7.25/jul-to-slf4j-1.7.25.jar:/Users/zhangqiankun/primeton/storage-eosplatform80/storage-eosplatform80/org/slf4j/log4j-over-slf4j/1.7.25/log4j-over-slf4j-1.7.25.jar:/Users/zhangqiankun/primeton/storage-eosplatform80/storage-eosplatform80/org/yaml/snakeyaml/1.17/snakeyaml-1.17.jar:/Users/zhangqiankun/primeton/storage-eosplatform80/storage-eosplatform80/org/springframework/boot/spring-boot-starter-aop/1.5.9.RELEASE/spring-boot-starter-aop-1.5.9.RELEASE.jar:/Users/zhangqiankun/primeton/storage-eosplatform80/storage-eosplatform80/org/springframework/spring-aop/4.3.13.RELEASE/spring-aop-4.3.13.RELEASE.jar:/Users/zhangqiankun/primeton/storage-eosplatform80/storage-eosplatform80/org/aspectj/aspectjweaver/1.8.13/aspectjweaver-1.8.13.jar:/Users/zhangqiankun/primeton/storage-eosplatform80/storage-eosplatform80/org/hibernate/hibernate-core/5.0.12.Final/hibernate-core-5.0.12.Final.jar:/Users/zhangqiankun/primeton/storage-eosplatform80/storage-eosplatform80/org/jboss/logging/jboss-logging/3.3.1.Final/jboss-logging-3.3.1.Final.jar:/Users/zhangqiankun/primeton/storage-eosplatform80/storage-eosplatform80/org/hibernate/javax/persistence/hibernate-jpa-2.1-api/1.0.0.Final/hibernate-jpa-2.1-api-1.0.0.Final.jar:/Users/zhangqiankun/primeton/storage-eosplatform80/storage-eosplatform80/org/javassist/javassist/3.21.0-GA/javassist-3.21.0-GA.jar:/Users/zhangqiankun/primeton/storage-eosplatform80/storage-eosplatform80/antlr/antlr/2.7.7/antlr-2.7.7.jar:/Users/zhangqiankun/primeton/storage-eosplatform80/storage-eosplatform80/org/jboss/jandex/2.0.0.Final/jandex-2.0.0.Final.jar:/Users/zhangqiankun/primeton/storage-eosplatform80/storage-eosplatform80/dom4j/dom4j/1.6.1/dom4j-1.6.1.jar:/Users/zhangqiankun/primeton/storage-eosplatform80/storage-eosplatform80/org/hibernate/common/hibernate-commons-annotations/5.0.1.Final/hibernate-commons-annotations-5.0.1.Final.jar:/Users/zhangqiankun/primeton/storage-eosplatform80/storage-eosplatform80/org/hibernate/hibernate-entitymanager/5.0.12.Final/hibernate-entitymanager-5.0.12.Final.jar:/Users/zhangqiankun/primeton/storage-eosplatform80/storage-eosplatform80/javax/transaction/javax.transaction-api/1.2/javax.transaction-api-1.2.jar:/Users/zhangqiankun/primeton/storage-eosplatform80/storage-eosplatform80/org/springframework/data/spring-data-jpa/1.11.9.RELEASE/spring-data-jpa-1.11.9.RELEASE.jar:/Users/zhangqiankun/primeton/storage-eosplatform80/storage-eosplatform80/org/springframework/data/spring-data-commons/1.13.9.RELEASE/spring-data-commons-1.13.9.RELEASE.jar:/Users/zhangqiankun/primeton/storage-eosplatform80/storage-eosplatform80/org/springframework/spring-orm/4.3.13.RELEASE/spring-orm-4.3.13.RELEASE.jar:/Users/zhangqiankun/primeton/storage-eosplatform80/storage-eosplatform80/org/springframework/spring-context/4.3.13.RELEASE/spring-context-4.3.13.RELEASE.jar:/Users/zhangqiankun/primeton/storage-eosplatform80/storage-eosplatform80/org/springframework/spring-tx/4.3.13.RELEASE/spring-tx-4.3.13.RELEASE.jar:/Users/zhangqiankun/primeton/storage-eosplatform80/storage-eosplatform80/org/springframework/spring-beans/4.3.13.RELEASE/spring-beans-4.3.13.RELEASE.jar:/Users/zhangqiankun/primeton/storage-eosplatform80/storage-eosplatform80/org/slf4j/jcl-over-slf4j/1.7.25/jcl-over-slf4j-1.7.25.jar:/Users/zhangqiankun/primeton/storage-eosplatform80/storage-eosplatform80/org/springframework/spring-aspects/4.3.13.RELEASE/spring-aspects-4.3.13.RELEASE.jar:/Users/zhangqiankun/primeton/storage-eosplatform80/storage-eosplatform80/org/springframework/boot/spring-boot-starter-jdbc/1.5.9.RELEASE/spring-boot-starter-jdbc-1.5.9.RELEASE.jar:/Users/zhangqiankun/primeton/storage-eosplatform80/storage-eosplatform80/org/apache/tomcat/tomcat-jdbc/8.5.23/tomcat-jdbc-8.5.23.jar:/Users/zhangqiankun/primeton/storage-eosplatform80/storage-eosplatform80/org/apache/tomcat/tomcat-juli/8.5.23/tomcat-juli-8.5.23.jar:/Users/zhangqiankun/primeton/storage-eosplatform80/storage-eosplatform80/org/springframework/spring-jdbc/4.3.13.RELEASE/spring-jdbc-4.3.13.RELEASE.jar:/Users/zhangqiankun/primeton/storage-eosplatform80/storage-eosplatform80/mysql/mysql-connector-java/5.1.44/mysql-connector-java-5.1.44.jar:/Users/zhangqiankun/primeton/storage-eosplatform80/storage-eosplatform80/org/springframework/boot/spring-boot-starter-web/1.5.9.RELEASE/spring-boot-starter-web-1.5.9.RELEASE.jar:/Users/zhangqiankun/primeton/storage-eosplatform80/storage-eosplatform80/org/springframework/boot/spring-boot-starter-tomcat/1.5.9.RELEASE/spring-boot-starter-tomcat-1.5.9.RELEASE.jar:/Users/zhangqiankun/primeton/storage-eosplatform80/storage-eosplatform80/org/apache/tomcat/embed/tomcat-embed-core/8.5.23/tomcat-embed-core-8.5.23.jar:/Users/zhangqiankun/primeton/storage-eosplatform80/storage-eosplatform80/org/apache/tomcat/tomcat-annotations-api/8.5.23/tomcat-annotations-api-8.5.23.jar:/Users/zhangqiankun/primeton/storage-eosplatform80/storage-eosplatform80/org/apache/tomcat/embed/tomcat-embed-el/8.5.23/tomcat-embed-el-8.5.23.jar:/Users/zhangqiankun/primeton/storage-eosplatform80/storage-eosplatform80/org/apache/tomcat/embed/tomcat-embed-websocket/8.5.23/tomcat-embed-websocket-8.5.23.jar:/Users/zhangqiankun/primeton/storage-eosplatform80/storage-eosplatform80/org/hibernate/hibernate-validator/5.3.6.Final/hibernate-validator-5.3.6.Final.jar:/Users/zhangqiankun/primeton/storage-eosplatform80/storage-eosplatform80/com/fasterxml/classmate/1.3.4/classmate-1.3.4.jar:/Users/zhangqiankun/primeton/storage-eosplatform80/storage-eosplatform80/com/fasterxml/jackson/core/jackson-databind/2.8.10/jackson-databind-2.8.10.jar:/Users/zhangqiankun/primeton/storage-eosplatform80/storage-eosplatform80/com/fasterxml/jackson/core/jackson-annotations/2.8.0/jackson-annotations-2.8.0.jar:/Users/zhangqiankun/primeton/storage-eosplatform80/storage-eosplatform80/com/fasterxml/jackson/core/jackson-core/2.8.10/jackson-core-2.8.10.jar:/Users/zhangqiankun/primeton/storage-eosplatform80/storage-eosplatform80/org/springframework/spring-web/4.3.13.RELEASE/spring-web-4.3.13.RELEASE.jar:/Users/zhangqiankun/primeton/storage-eosplatform80/storage-eosplatform80/org/springframework/spring-webmvc/4.3.13.RELEASE/spring-webmvc-4.3.13.RELEASE.jar:/Users/zhangqiankun/primeton/storage-eosplatform80/storage-eosplatform80/org/springframework/spring-expression/4.3.13.RELEASE/spring-expression-4.3.13.RELEASE.jar:/Users/zhangqiankun/primeton/storage-eosplatform80/storage-eosplatform80/com/h2database/h2/1.4.196/h2-1.4.196.jar:/Users/zhangqiankun/primeton/storage-eosplatform80/storage-eosplatform80/org/springframework/boot/spring-boot-starter-test/1.5.9.RELEASE/spring-boot-starter-test-1.5.9.RELEASE.jar:/Users/zhangqiankun/primeton/storage-eosplatform80/storage-eosplatform80/org/springframework/boot/spring-boot-test/1.5.9.RELEASE/spring-boot-test-1.5.9.RELEASE.jar:/Users/zhangqiankun/primeton/storage-eosplatform80/storage-eosplatform80/org/springframework/boot/spring-boot-test-autoconfigure/1.5.9.RELEASE/spring-boot-test-autoconfigure-1.5.9.RELEASE.jar:/Users/zhangqiankun/primeton/storage-eosplatform80/storage-eosplatform80/com/jayway/jsonpath/json-path/2.2.0/json-path-2.2.0.jar:/Users/zhangqiankun/primeton/storage-eosplatform80/storage-eosplatform80/net/minidev/json-smart/2.2.1/json-smart-2.2.1.jar:/Users/zhangqiankun/primeton/storage-eosplatform80/storage-eosplatform80/net/minidev/accessors-smart/1.1/accessors-smart-1.1.jar:/Users/zhangqiankun/primeton/storage-eosplatform80/storage-eosplatform80/org/ow2/asm/asm/5.0.3/asm-5.0.3.jar:/Users/zhangqiankun/primeton/storage-eosplatform80/storage-eosplatform80/junit/junit/4.12/junit-4.12.jar:/Users/zhangqiankun/primeton/storage-eosplatform80/storage-eosplatform80/org/assertj/assertj-core/2.6.0/assertj-core-2.6.0.jar:/Users/zhangqiankun/primeton/storage-eosplatform80/storage-eosplatform80/org/mockito/mockito-core/1.10.19/mockito-core-1.10.19.jar:/Users/zhangqiankun/primeton/storage-eosplatform80/storage-eosplatform80/org/objenesis/objenesis/2.1/objenesis-2.1.jar:/Users/zhangqiankun/primeton/storage-eosplatform80/storage-eosplatform80/org/hamcrest/hamcrest-core/1.3/hamcrest-core-1.3.jar:/Users/zhangqiankun/primeton/storage-eosplatform80/storage-eosplatform80/org/hamcrest/hamcrest-library/1.3/hamcrest-library-1.3.jar:/Users/zhangqiankun/primeton/storage-eosplatform80/storage-eosplatform80/org/skyscreamer/jsonassert/1.4.0/jsonassert-1.4.0.jar:/Users/zhangqiankun/primeton/storage-eosplatform80/storage-eosplatform80/org/springframework/spring-core/4.3.13.RELEASE/spring-core-4.3.13.RELEASE.jar:/Users/zhangqiankun/primeton/storage-eosplatform80/storage-eosplatform80/org/springframework/spring-test/4.3.13.RELEASE/spring-test-4.3.13.RELEASE.jar:/Users/zhangqiankun/primeton/storage-eosplatform80/storage-eosplatform80/org/springframework/boot/spring-boot-configuration-processor/1.5.9.RELEASE/spring-boot-configuration-processor-1.5.9.RELEASE.jar:/Users/zhangqiankun/primeton/storage-eosplatform80/storage-eosplatform80/com/vaadin/external/google/android-json/0.0.20131108.vaadin1/android-json-0.0.20131108.vaadin1.jar:/Users/zhangqiankun/primeton/storage-eosplatform80/storage-eosplatform80/org/springframework/boot/spring-boot-starter-thymeleaf/1.5.9.RELEASE/spring-boot-starter-thymeleaf-1.5.9.RELEASE.jar:/Users/zhangqiankun/primeton/storage-eosplatform80/storage-eosplatform80/org/thymeleaf/thymeleaf-spring4/2.1.6.RELEASE/thymeleaf-spring4-2.1.6.RELEASE.jar:/Users/zhangqiankun/primeton/storage-eosplatform80/storage-eosplatform80/org/thymeleaf/thymeleaf/2.1.6.RELEASE/thymeleaf-2.1.6.RELEASE.jar:/Users/zhangqiankun/primeton/storage-eosplatform80/storage-eosplatform80/ognl/ognl/3.0.8/ognl-3.0.8.jar:/Users/zhangqiankun/primeton/storage-eosplatform80/storage-eosplatform80/org/unbescape/unbescape/1.1.0.RELEASE/unbescape-1.1.0.RELEASE.jar:/Users/zhangqiankun/primeton/storage-eosplatform80/storage-eosplatform80/nz/net/ultraq/thymeleaf/thymeleaf-layout-dialect/1.4.0/thymeleaf-layout-dialect-1.4.0.jar:/Users/zhangqiankun/primeton/storage-eosplatform80/storage-eosplatform80/org/codehaus/groovy/groovy/2.4.13/groovy-2.4.13.jar:/Users/zhangqiankun/primeton/storage-eosplatform80/storage-eosplatform80/net/sourceforge/nekohtml/nekohtml/1.9.22/nekohtml-1.9.22.jar:/Users/zhangqiankun/primeton/storage-eosplatform80/storage-eosplatform80/xerces/xercesImpl/2.11.0/xercesImpl-2.11.0.jar:/Users/zhangqiankun/primeton/storage-eosplatform80/storage-eosplatform80/xml-apis/xml-apis/1.4.01/xml-apis-1.4.01.jar:/Users/zhangqiankun/primeton/storage-eosplatform80/storage-eosplatform80/org/apache/shiro/shiro-spring/1.4.0/shiro-spring-1.4.0.jar:/Users/zhangqiankun/primeton/storage-eosplatform80/storage-eosplatform80/org/apache/shiro/shiro-core/1.4.0/shiro-core-1.4.0.jar:/Users/zhangqiankun/primeton/storage-eosplatform80/storage-eosplatform80/org/apache/shiro/shiro-lang/1.4.0/shiro-lang-1.4.0.jar:/Users/zhangqiankun/primeton/storage-eosplatform80/storage-eosplatform80/org/apache/shiro/shiro-cache/1.4.0/shiro-cache-1.4.0.jar:/Users/zhangqiankun/primeton/storage-eosplatform80/storage-eosplatform80/org/apache/shiro/shiro-crypto-hash/1.4.0/shiro-crypto-hash-1.4.0.jar:/Users/zhangqiankun/primeton/storage-eosplatform80/storage-eosplatform80/org/apache/shiro/shiro-crypto-core/1.4.0/shiro-crypto-core-1.4.0.jar:/Users/zhangqiankun/primeton/storage-eosplatform80/storage-eosplatform80/org/apache/shiro/shiro-crypto-cipher/1.4.0/shiro-crypto-cipher-1.4.0.jar:/Users/zhangqiankun/primeton/storage-eosplatform80/storage-eosplatform80/org/apache/shiro/shiro-config-core/1.4.0/shiro-config-core-1.4.0.jar:/Users/zhangqiankun/primeton/storage-eosplatform80/storage-eosplatform80/org/apache/shiro/shiro-config-ogdl/1.4.0/shiro-config-ogdl-1.4.0.jar:/Users/zhangqiankun/primeton/storage-eosplatform80/storage-eosplatform80/commons-beanutils/commons-beanutils/1.9.3/commons-beanutils-1.9.3.jar:/Users/zhangqiankun/primeton/storage-eosplatform80/storage-eosplatform80/commons-collections/commons-collections/3.2.2/commons-collections-3.2.2.jar:/Users/zhangqiankun/primeton/storage-eosplatform80/storage-eosplatform80/org/apache/shiro/shiro-event/1.4.0/shiro-event-1.4.0.jar:/Users/zhangqiankun/primeton/storage-eosplatform80/storage-eosplatform80/org/apache/shiro/shiro-web/1.4.0/shiro-web-1.4.0.jar:/Users/zhangqiankun/primeton/storage-eosplatform80/storage-eosplatform80/cn/afterturn/easypoi-base/3.0.3/easypoi-base-3.0.3.jar:/Users/zhangqiankun/primeton/storage-eosplatform80/storage-eosplatform80/org/apache/poi/poi/3.15/poi-3.15.jar:/Users/zhangqiankun/primeton/storage-eosplatform80/storage-eosplatform80/commons-codec/commons-codec/1.10/commons-codec-1.10.jar:/Users/zhangqiankun/primeton/storage-eosplatform80/storage-eosplatform80/org/apache/commons/commons-collections4/4.1/commons-collections4-4.1.jar:/Users/zhangqiankun/primeton/storage-eosplatform80/storage-eosplatform80/org/apache/poi/poi-ooxml/3.15/poi-ooxml-3.15.jar:/Users/zhangqiankun/primeton/storage-eosplatform80/storage-eosplatform80/com/github/virtuald/curvesapi/1.04/curvesapi-1.04.jar:/Users/zhangqiankun/primeton/storage-eosplatform80/storage-eosplatform80/org/apache/poi/poi-ooxml-schemas/3.15/poi-ooxml-schemas-3.15.jar:/Users/zhangqiankun/primeton/storage-eosplatform80/storage-eosplatform80/org/apache/xmlbeans/xmlbeans/2.6.0/xmlbeans-2.6.0.jar:/Users/zhangqiankun/primeton/storage-eosplatform80/storage-eosplatform80/stax/stax-api/1.0.1/stax-api-1.0.1.jar:/Users/zhangqiankun/primeton/storage-eosplatform80/storage-eosplatform80/com/google/guava/guava/16.0.1/guava-16.0.1.jar:/Users/zhangqiankun/primeton/storage-eosplatform80/storage-eosplatform80/org/apache/commons/commons-lang3/3.2.1/commons-lang3-3.2.1.jar:/Users/zhangqiankun/primeton/storage-eosplatform80/storage-eosplatform80/org/slf4j/slf4j-api/1.7.25/slf4j-api-1.7.25.jar:/Users/zhangqiankun/primeton/storage-eosplatform80/storage-eosplatform80/javax/validation/validation-api/1.1.0.Final/validation-api-1.1.0.Final.jar:/Users/zhangqiankun/primeton/storage-eosplatform80/storage-eosplatform80/cn/afterturn/easypoi-web/3.0.3/easypoi-web-3.0.3.jar:/Users/zhangqiankun/primeton/storage-eosplatform80/storage-eosplatform80/cn/afterturn/easypoi-annotation/3.0.3/easypoi-annotation-3.0.3.jar:, java.specification.name=Java Platform API Specification, java.class.version=52.0, sun.management.compiler=HotSpot 64-Bit Tiered Compilers, os.version=10.13.3, user.home=/Users/zhangqiankun, user.timezone=Asia/Shanghai, java.awt.printerjob=sun.lwawt.macosx.CPrinterJob, file.encoding=UTF-8, java.specification.version=1.8, java.class.path=/Users/zhangqiankun/develop/gitsource/GOE/project-geo-dbserver/target/test-classes:/Users/zhangqiankun/develop/gitsource/GOE/project-geo-dbserver/target/classes:/Users/zhangqiankun/primeton/storage-eosplatform80/storage-eosplatform80/org/springframework/boot/spring-boot-starter-data-jpa/1.5.9.RELEASE/spring-boot-starter-data-jpa-1.5.9.RELEASE.jar:/Users/zhangqiankun/primeton/storage-eosplatform80/storage-eosplatform80/org/springframework/boot/spring-boot-starter/1.5.9.RELEASE/spring-boot-starter-1.5.9.RELEASE.jar:/Users/zhangqiankun/primeton/storage-eosplatform80/storage-eosplatform80/org/springframework/boot/spring-boot/1.5.9.RELEASE/spring-boot-1.5.9.RELEASE.jar:/Users/zhangqiankun/primeton/storage-eosplatform80/storage-eosplatform80/org/springframework/boot/spring-boot-autoconfigure/1.5.9.RELEASE/spring-boot-autoconfigure-1.5.9.RELEASE.jar:/Users/zhangqiankun/primeton/storage-eosplatform80/storage-eosplatform80/org/springframework/boot/spring-boot-starter-logging/1.5.9.RELEASE/spring-boot-starter-logging-1.5.9.RELEASE.jar:/Users/zhangqiankun/primeton/storage-eosplatform80/storage-eosplatform80/ch/qos/logback/logback-classic/1.1.11/logback-classic-1.1.11.jar:/Users/zhangqiankun/primeton/storage-eosplatform80/storage-eosplatform80/ch/qos/logback/logback-core/1.1.11/logback-core-1.1.11.jar:/Users/zhangqiankun/primeton/storage-eosplatform80/storage-eosplatform80/org/slf4j/jul-to-slf4j/1.7.25/jul-to-slf4j-1.7.25.jar:/Users/zhangqiankun/primeton/storage-eosplatform80/storage-eosplatform80/org/slf4j/log4j-over-slf4j/1.7.25/log4j-over-slf4j-1.7.25.jar:/Users/zhangqiankun/primeton/storage-eosplatform80/storage-eosplatform80/org/yaml/snakeyaml/1.17/snakeyaml-1.17.jar:/Users/zhangqiankun/primeton/storage-eosplatform80/storage-eosplatform80/org/springframework/boot/spring-boot-starter-aop/1.5.9.RELEASE/spring-boot-starter-aop-1.5.9.RELEASE.jar:/Users/zhangqiankun/primeton/storage-eosplatform80/storage-eosplatform80/org/springframework/spring-aop/4.3.13.RELEASE/spring-aop-4.3.13.RELEASE.jar:/Users/zhangqiankun/primeton/storage-eosplatform80/storage-eosplatform80/org/aspectj/aspectjweaver/1.8.13/aspectjweaver-1.8.13.jar:/Users/zhangqiankun/primeton/storage-eosplatform80/storage-eosplatform80/org/hibernate/hibernate-core/5.0.12.Final/hibernate-core-5.0.12.Final.jar:/Users/zhangqiankun/primeton/storage-eosplatform80/storage-eosplatform80/org/jboss/logging/jboss-logging/3.3.1.Final/jboss-logging-3.3.1.Final.jar:/Users/zhangqiankun/primeton/storage-eosplatform80/storage-eosplatform80/org/hibernate/javax/persistence/hibernate-jpa-2.1-api/1.0.0.Final/hibernate-jpa-2.1-api-1.0.0.Final.jar:/Users/zhangqiankun/primeton/storage-eosplatform80/storage-eosplatform80/org/javassist/javassist/3.21.0-GA/javassist-3.21.0-GA.jar:/Users/zhangqiankun/primeton/storage-eosplatform80/storage-eosplatform80/antlr/antlr/2.7.7/antlr-2.7.7.jar:/Users/zhangqiankun/primeton/storage-eosplatform80/storage-eosplatform80/org/jboss/jandex/2.0.0.Final/jandex-2.0.0.Final.jar:/Users/zhangqiankun/primeton/storage-eosplatform80/storage-eosplatform80/dom4j/dom4j/1.6.1/dom4j-1.6.1.jar:/Users/zhangqiankun/primeton/storage-eosplatform80/storage-eosplatform80/org/hibernate/common/hibernate-commons-annotations/5.0.1.Final/hibernate-commons-annotations-5.0.1.Final.jar:/Users/zhangqiankun/primeton/storage-eosplatform80/storage-eosplatform80/org/hibernate/hibernate-entitymanager/5.0.12.Final/hibernate-entitymanager-5.0.12.Final.jar:/Users/zhangqiankun/primeton/storage-eosplatform80/storage-eosplatform80/javax/transaction/javax.transaction-api/1.2/javax.transaction-api-1.2.jar:/Users/zhangqiankun/primeton/storage-eosplatform80/storage-eosplatform80/org/springframework/da
[...]
ser.language=zh, java.specification.vendor=Oracle Corporation, user.language.format=en, awt.toolkit=sun.lwawt.macosx.LWCToolkit, java.vm.info=mixed mode, java.version=1.8.0_121, java.ext.dirs=/Users/zhangqiankun/Library/Java/Extensions:/Library/Java/JavaVirtualMachines/jdk1.8.0_121.jdk/Contents/Home/jre/lib/ext:/Library/Java/Extensions:/Network/Library/Java/Extensions:/System/Library/Java/Extensions:/usr/lib/java, sun.boot.class.path=/Library/Java/JavaVirtualMachines/jdk1.8.0_121.jdk/Contents/Home/jre/lib/resources.jar:/Library/Java/JavaVirtualMachines/jdk1.8.0_121.jdk/Contents/Home/jre/lib/rt.jar:/Library/Java/JavaVirtualMachines/jdk1.8.0_121.jdk/Contents/Home/jre/lib/sunrsasign.jar:/Library/Java/JavaVirtualMachines/jdk1.8.0_121.jdk/Contents/Home/jre/lib/jsse.jar:/Library/Java/JavaVirtualMachines/jdk1.8.0_121.jdk/Contents/Home/jre/lib/jce.jar:/Library/Java/JavaVirtualMachines/jdk1.8.0_121.jdk/Contents/Home/jre/lib/charsets.jar:/Library/Java/JavaVirtualMachines/jdk1.8.0_121.jdk/Contents/Home/jre/lib/jfr.jar:/Library/Java/JavaVirtualMachines/jdk1.8.0_121.jdk/Contents/Home/jre/classes, java.vendor=Oracle Corporation, localRepository=/Users/zhangqiankun/primeton/storage-eosplatform80/storage-eosplatform80, file.separator=/, java.vendor.url.bug=http://bugreport.sun.com/bugreport/, sun.io.unicode.encoding=UnicodeBig, sun.cpu.endian=little, sun.cpu.isalist=}}, SystemEnvironmentPropertySource@1354003114 {name='systemEnvironment', properties={PATH=/usr/bin:/bin:/usr/sbin:/sbin, SHELL=/bin/bash, OLDPWD=/Users/zhangqiankun/develop/gitsource/GOE/project-geo-dbserver, SECURITYSESSIONID=186a8, APP_ICON_18676=../Resources/sts.icns, USER=zhangqiankun, TMPDIR=/var/folders/sr/m87c7fj1223dpq04tdt1px7h0000gn/T/, SSH_AUTH_SOCK=/private/tmp/com.apple.launchd.39KPmHOcJt/Listeners, DISPLAY=/private/tmp/com.apple.launchd.m6aIhPYcA4/org.macosforge.xquartz:0, XPC_FLAGS=0x0, JAVA_MAIN_CLASS_19091=org.codehaus.plexus.classworlds.launcher.Launcher, JAVA_MAIN_CLASS_19093=org.apache.maven.surefire.booter.ForkedBooter, __CF_USER_TEXT_ENCODING=0x1F5:0x19:0x34, Apple_PubSub_Socket_Render=/private/tmp/com.apple.launchd.nadJw127Kz/Render, LOGNAME=zhangqiankun, XPC_SERVICE_NAME=0, PWD=/Users/zhangqiankun/develop/gitsource/GOE/project-geo-dbserver, HOME=/Users/zhangqiankun, SHLVL=1, _=/Library/Java/JavaVirtualMachines/jdk1.8.0_121.jdk/Contents/Home/jre/bin/java}}]
14:58:16.040 [main] DEBUG org.springframework.core.env.MutablePropertySources - Adding PropertySource 'inline' with highest search precedence
14:58:16.045 [main] DEBUG org.springframework.test.context.support.TestPropertySourceUtils - Adding inlined properties to environment: {spring.jmx.enabled=false, org.springframework.boot.test.context.SpringBootTestContextBootstrapper=true, server.port=-1}
14:58:16.045 [main] DEBUG org.springframework.core.env.StandardEnvironment - Adding PropertySource 'Inlined Test Properties' with highest search precedence

  .   ____          _            __ _ _
 /\\ / ___'_ __ _ _(_)_ __  __ _ \ \ \ \
( ( )\___ | '_ | '_| | '_ \/ _` | \ \ \ \
 \\/  ___)| |_)| | | | | || (_| |  ) ) ) )
  '  |____| .__|_| |_|_| |_\__, | / / / /
 =========|_|==============|___/=/_/_/_/
 :: Spring Boot ::        (v1.5.9.RELEASE)

2018-04-01 14:58:16.479  INFO 19093 --- [           main] p.g.p.ProjectGeoDbserverApplicationTests : Starting ProjectGeoDbserverApplicationTests on localhost with PID 19093 (started by zhangqiankun in /Users/zhangqiankun/develop/gitsource/GOE/project-geo-dbserver)
2018-04-01 14:58:16.480  INFO 19093 --- [           main] p.g.p.ProjectGeoDbserverApplicationTests : No active profile set, falling back to default profiles: default
2018-04-01 14:58:16.511  INFO 19093 --- [           main] s.c.a.AnnotationConfigApplicationContext : Refreshing org.springframework.context.annotation.AnnotationConfigApplicationContext@28dcca0c: startup date [Sun Apr 01 14:58:16 CST 2018]; root of context hierarchy
2018-04-01 14:58:17.094  INFO 19093 --- [           main] o.s.b.f.s.DefaultListableBeanFactory     : Overriding bean definition for bean 'loginFilterHandler' with a different definition: replacing [Generic bean: class [com.project.goe.projectgeodbserver.config.LoginFilterHandler]; scope=singleton; abstract=false; lazyInit=false; autowireMode=0; dependencyCheck=0; autowireCandidate=true; primary=false; factoryBeanName=null; factoryMethodName=null; initMethodName=null; destroyMethodName=null; defined in file [/Users/zhangqiankun/develop/gitsource/GOE/project-geo-dbserver/target/classes/com/project/goe/projectgeodbserver/config/LoginFilterHandler.class]] with [Root bean: class [null]; scope=; abstract=false; lazyInit=false; autowireMode=3; dependencyCheck=0; autowireCandidate=true; primary=false; factoryBeanName=springWebMvcConfig; factoryMethodName=loginFilterHandler; initMethodName=null; destroyMethodName=(inferred); defined in class path resource [com/project/goe/projectgeodbserver/config/SpringWebMvcConfig.class]]
2018-04-01 14:58:17.370 ERROR 19093 --- [           main] o.s.boot.SpringApplication               : Application startup failed

java.lang.NoClassDefFoundError: org/apache/poi/ss/usermodel/Workbook
	at java.lang.Class.getDeclaredFields0(Native Method) ~[na:1.8.0_121]
	at java.lang.Class.privateGetDeclaredFields(Class.java:2583) ~[na:1.8.0_121]
	at java.lang.Class.getDeclaredFields(Class.java:1916) ~[na:1.8.0_121]
	at org.springframework.util.ReflectionUtils.getDeclaredFields(ReflectionUtils.java:715) ~[spring-core-4.3.13.RELEASE.jar:4.3.13.RELEASE]
	at org.springframework.util.ReflectionUtils.doWithFields(ReflectionUtils.java:687) ~[spring-core-4.3.13.RELEASE.jar:4.3.13.RELEASE]
	at org.springframework.util.ReflectionUtils.doWithFields(ReflectionUtils.java:673) ~[spring-core-4.3.13.RELEASE.jar:4.3.13.RELEASE]
	at org.springframework.boot.test.mock.mockito.DefinitionsParser.parse(DefinitionsParser.java:63) ~[spring-boot-test-1.5.9.RELEASE.jar:1.5.9.RELEASE]
	at org.springframework.boot.test.mock.mockito.MockitoPostProcessor.postProcessBeanFactory(MockitoPostProcessor.java:142) ~[spring-boot-test-1.5.9.RELEASE.jar:1.5.9.RELEASE]
	at org.springframework.boot.test.mock.mockito.MockitoPostProcessor.postProcessBeanFactory(MockitoPostProcessor.java:134) ~[spring-boot-test-1.5.9.RELEASE.jar:1.5.9.RELEASE]
	at org.springframework.context.support.PostProcessorRegistrationDelegate.invokeBeanFactoryPostProcessors(PostProcessorRegistrationDelegate.java:283) ~[spring-context-4.3.13.RELEASE.jar:4.3.13.RELEASE]
	at org.springframework.context.support.PostProcessorRegistrationDelegate.invokeBeanFactoryPostProcessors(PostProcessorRegistrationDelegate.java:171) ~[spring-context-4.3.13.RELEASE.jar:4.3.13.RELEASE]
	at org.springframework.context.support.AbstractApplicationContext.invokeBeanFactoryPostProcessors(AbstractApplicationContext.java:687) ~[spring-context-4.3.13.RELEASE.jar:4.3.13.RELEASE]
	at org.springframework.context.support.AbstractApplicationContext.refresh(AbstractApplicationContext.java:525) ~[spring-context-4.3.13.RELEASE.jar:4.3.13.RELEASE]
	at org.springframework.boot.SpringApplication.refresh(SpringApplication.java:693) ~[spring-boot-1.5.9.RELEASE.jar:1.5.9.RELEASE]
	at org.springframework.boot.SpringApplication.refreshContext(SpringApplication.java:360) ~[spring-boot-1.5.9.RELEASE.jar:1.5.9.RELEASE]
	at org.springframework.boot.SpringApplication.run(SpringApplication.java:303) ~[spring-boot-1.5.9.RELEASE.jar:1.5.9.RELEASE]
	at org.springframework.boot.test.context.SpringBootContextLoader.loadContext(SpringBootContextLoader.java:120) [spring-boot-test-1.5.9.RELEASE.jar:1.5.9.RELEASE]
	at org.springframework.test.context.cache.DefaultCacheAwareContextLoaderDelegate.loadContextInternal(DefaultCacheAwareContextLoaderDelegate.java:98) [spring-test-4.3.13.RELEASE.jar:4.3.13.RELEASE]
	at org.springframework.test.context.cache.DefaultCacheAwareContextLoaderDelegate.loadContext(DefaultCacheAwareContextLoaderDelegate.java:116) [spring-test-4.3.13.RELEASE.jar:4.3.13.RELEASE]
	at org.springframework.test.context.support.DefaultTestContext.getApplicationContext(DefaultTestContext.java:83) [spring-test-4.3.13.RELEASE.jar:4.3.13.RELEASE]
	at org.springframework.test.context.support.DependencyInjectionTestExecutionListener.injectDependencies(DependencyInjectionTestExecutionListener.java:117) [spring-test-4.3.13.RELEASE.jar:4.3.13.RELEASE]
	at org.springframework.test.context.support.DependencyInjectionTestExecutionListener.prepareTestInstance(DependencyInjectionTestExecutionListener.java:83) [spring-test-4.3.13.RELEASE.jar:4.3.13.RELEASE]
	at org.springframework.boot.test.autoconfigure.SpringBootDependencyInjectionTestExecutionListener.prepareTestInstance(SpringBootDependencyInjectionTestExecutionListener.java:44) [spring-boot-test-autoconfigure-1.5.9.RELEASE.jar:1.5.9.RELEASE]
	at org.springframework.test.context.TestContextManager.prepareTestInstance(TestContextManager.java:230) [spring-test-4.3.13.RELEASE.jar:4.3.13.RELEASE]
	at org.springframework.test.context.junit4.SpringJUnit4ClassRunner.createTest(SpringJUnit4ClassRunner.java:228) [spring-test-4.3.13.RELEASE.jar:4.3.13.RELEASE]
	at org.springframework.test.context.junit4.SpringJUnit4ClassRunner$1.runReflectiveCall(SpringJUnit4ClassRunner.java:287) [spring-test-4.3.13.RELEASE.jar:4.3.13.RELEASE]
	at org.junit.internal.runners.model.ReflectiveCallable.run(ReflectiveCallable.java:12) [junit-4.12.jar:4.12]
	at org.springframework.test.context.junit4.SpringJUnit4ClassRunner.methodBlock(SpringJUnit4ClassRunner.java:289) [spring-test-4.3.13.RELEASE.jar:4.3.13.RELEASE]
	at org.springframework.test.context.junit4.SpringJUnit4ClassRunner.runChild(SpringJUnit4ClassRunner.java:247) [spring-test-4.3.13.RELEASE.jar:4.3.13.RELEASE]
	at org.springframework.test.context.junit4.SpringJUnit4ClassRunner.runChild(SpringJUnit4ClassRunner.java:94) [spring-test-4.3.13.RELEASE.jar:4.3.13.RELEASE]
	at org.junit.runners.ParentRunner$3.run(ParentRunner.java:290) [junit-4.12.jar:4.12]
	at org.junit.runners.ParentRunner$1.schedule(ParentRunner.java:71) [junit-4.12.jar:4.12]
	at org.junit.runners.ParentRunner.runChildren(ParentRunner.java:288) [junit-4.12.jar:4.12]
	at org.junit.runners.ParentRunner.access$000(ParentRunner.java:58) [junit-4.12.jar:4.12]
	at org.junit.runners.ParentRunner$2.evaluate(ParentRunner.java:268) [junit-4.12.jar:4.12]
	at org.springframework.test.context.junit4.statements.RunBeforeTestClassCallbacks.evaluate(RunBeforeTestClassCallbacks.java:61) [spring-test-4.3.13.RELEASE.jar:4.3.13.RELEASE]
	at org.springframework.test.context.junit4.statements.RunAfterTestClassCallbacks.evaluate(RunAfterTestClassCallbacks.java:70) [spring-test-4.3.13.RELEASE.jar:4.3.13.RELEASE]
	at org.junit.runners.ParentRunner.run(ParentRunner.java:363) [junit-4.12.jar:4.12]
	at org.springframework.test.context.junit4.SpringJUnit4ClassRunner.run(SpringJUnit4ClassRunner.java:191) [spring-test-4.3.13.RELEASE.jar:4.3.13.RELEASE]
	at org.apache.maven.surefire.junit4.JUnit4Provider.execute(JUnit4Provider.java:283) [surefire-junit4-2.18.1.jar:2.18.1]
	at org.apache.maven.surefire.junit4.JUnit4Provider.executeWithRerun(JUnit4Provider.java:173) [surefire-junit4-2.18.1.jar:2.18.1]
	at org.apache.maven.surefire.junit4.JUnit4Provider.executeTestSet(JUnit4Provider.java:153) [surefire-junit4-2.18.1.jar:2.18.1]
	at org.apache.maven.surefire.junit4.JUnit4Provider.invoke(JUnit4Provider.java:128) [surefire-junit4-2.18.1.jar:2.18.1]
	at org.apache.maven.surefire.booter.ForkedBooter.invokeProviderInSameClassLoader(ForkedBooter.java:203) [surefire-booter-2.18.1.jar:2.18.1]
	at org.apache.maven.surefire.booter.ForkedBooter.runSuitesInProcess(ForkedBooter.java:155) [surefire-booter-2.18.1.jar:2.18.1]
	at org.apache.maven.surefire.booter.ForkedBooter.main(ForkedBooter.java:103) [surefire-booter-2.18.1.jar:2.18.1]
Caused by: java.lang.ClassNotFoundException: org.apache.poi.ss.usermodel.Workbook
	at java.net.URLClassLoader.findClass(URLClassLoader.java:381) ~[na:1.8.0_121]
	at java.lang.ClassLoader.loadClass(ClassLoader.java:424) ~[na:1.8.0_121]
	at sun.misc.Launcher$AppClassLoader.loadClass(Launcher.java:331) ~[na:1.8.0_121]
	at java.lang.ClassLoader.loadClass(ClassLoader.java:357) ~[na:1.8.0_121]
	... 46 common frames omitted

2018-04-01 14:58:17.372  INFO 19093 --- [           main] s.c.a.AnnotationConfigApplicationContext : Closing org.springframework.context.annotation.AnnotationConfigApplicationContext@28dcca0c: startup date [Sun Apr 01 14:58:16 CST 2018]; root of context hierarchy
2018-04-01 14:58:17.377 ERROR 19093 --- [           main] o.s.test.context.TestContextManager      : Caught exception while allowing TestExecutionListener [org.springframework.boot.test.autoconfigure.SpringBootDependencyInjectionTestExecutionListener@482cd91f] to prepare test instance [com.project.goe.projectgeodbserver.ProjectGeoDbserverApplicationTests@358c99f5]

java.lang.NoClassDefFoundError: org/apache/poi/ss/usermodel/Workbook
	at java.lang.Class.getDeclaredFields0(Native Method) ~[na:1.8.0_121]
	at java.lang.Class.privateGetDeclaredFields(Class.java:2583) ~[na:1.8.0_121]
	at java.lang.Class.getDeclaredFields(Class.java:1916) ~[na:1.8.0_121]
	at org.springframework.util.ReflectionUtils.getDeclaredFields(ReflectionUtils.java:715) ~[spring-core-4.3.13.RELEASE.jar:4.3.13.RELEASE]
	at org.springframework.util.ReflectionUtils.doWithFields(ReflectionUtils.java:687) ~[spring-core-4.3.13.RELEASE.jar:4.3.13.RELEASE]
	at org.springframework.util.ReflectionUtils.doWithFields(ReflectionUtils.java:673) ~[spring-core-4.3.13.RELEASE.jar:4.3.13.RELEASE]
	at org.springframework.boot.test.mock.mockito.DefinitionsParser.parse(DefinitionsParser.java:63) ~[spring-boot-test-1.5.9.RELEASE.jar:1.5.9.RELEASE]
	at org.springframework.boot.test.mock.mockito.MockitoPostProcessor.postProcessBeanFactory(MockitoPostProcessor.java:142) ~[spring-boot-test-1.5.9.RELEASE.jar:1.5.9.RELEASE]
	at org.springframework.boot.test.mock.mockito.MockitoPostProcessor.postProcessBeanFactory(MockitoPostProcessor.java:134) ~[spring-boot-test-1.5.9.RELEASE.jar:1.5.9.RELEASE]
	at org.springframework.context.support.PostProcessorRegistrationDelegate.invokeBeanFactoryPostProcessors(PostProcessorRegistrationDelegate.java:283) ~[spring-context-4.3.13.RELEASE.jar:4.3.13.RELEASE]
	at org.springframework.context.support.PostProcessorRegistrationDelegate.invokeBeanFactoryPostProcessors(PostProcessorRegistrationDelegate.java:171) ~[spring-context-4.3.13.RELEASE.jar:4.3.13.RELEASE]
	at org.springframework.context.support.AbstractApplicationContext.invokeBeanFactoryPostProcessors(AbstractApplicationContext.java:687) ~[spring-context-4.3.13.RELEASE.jar:4.3.13.RELEASE]
	at org.springframework.context.support.AbstractApplicationContext.refresh(AbstractApplicationContext.java:525) ~[spring-context-4.3.13.RELEASE.jar:4.3.13.RELEASE]
	at org.springframework.boot.SpringApplication.refresh(SpringApplication.java:693) ~[spring-boot-1.5.9.RELEASE.jar:1.5.9.RELEASE]
	at org.springframework.boot.SpringApplication.refreshContext(SpringApplication.java:360) ~[spring-boot-1.5.9.RELEASE.jar:1.5.9.RELEASE]
	at org.springframework.boot.SpringApplication.run(SpringApplication.java:303) ~[spring-boot-1.5.9.RELEASE.jar:1.5.9.RELEASE]
	at org.springframework.boot.test.context.SpringBootContextLoader.loadContext(SpringBootContextLoader.java:120) ~[spring-boot-test-1.5.9.RELEASE.jar:1.5.9.RELEASE]
	at org.springframework.test.context.cache.DefaultCacheAwareContextLoaderDelegate.loadContextInternal(DefaultCacheAwareContextLoaderDelegate.java:98) ~[spring-test-4.3.13.RELEASE.jar:4.3.13.RELEASE]
	at org.springframework.test.context.cache.DefaultCacheAwareContextLoaderDelegate.loadContext(DefaultCacheAwareContextLoaderDelegate.java:116) ~[spring-test-4.3.13.RELEASE.jar:4.3.13.RELEASE]
	at org.springframework.test.context.support.DefaultTestContext.getApplicationContext(DefaultTestContext.java:83) ~[spring-test-4.3.13.RELEASE.jar:4.3.13.RELEASE]
	at org.springframework.test.context.support.DependencyInjectionTestExecutionListener.injectDependencies(DependencyInjectionTestExecutionListener.java:117) ~[spring-test-4.3.13.RELEASE.jar:4.3.13.RELEASE]
	at org.springframework.test.context.support.DependencyInjectionTestExecutionListener.prepareTestInstance(DependencyInjectionTestExecutionListener.java:83) ~[spring-test-4.3.13.RELEASE.jar:4.3.13.RELEASE]
	at org.springframework.boot.test.autoconfigure.SpringBootDependencyInjectionTestExecutionListener.prepareTestInstance(SpringBootDependencyInjectionTestExecutionListener.java:44) ~[spring-boot-test-autoconfigure-1.5.9.RELEASE.jar:1.5.9.RELEASE]
	at org.springframework.test.context.TestContextManager.prepareTestInstance(TestContextManager.java:230) ~[spring-test-4.3.13.RELEASE.jar:4.3.13.RELEASE]
	at org.springframework.test.context.junit4.SpringJUnit4ClassRunner.createTest(SpringJUnit4ClassRunner.java:228) [spring-test-4.3.13.RELEASE.jar:4.3.13.RELEASE]
	at org.springframework.test.context.junit4.SpringJUnit4ClassRunner$1.runReflectiveCall(SpringJUnit4ClassRunner.java:287) [spring-test-4.3.13.RELEASE.jar:4.3.13.RELEASE]
	at org.junit.internal.runners.model.ReflectiveCallable.run(ReflectiveCallable.java:12) [junit-4.12.jar:4.12]
	at org.springframework.test.context.junit4.SpringJUnit4ClassRunner.methodBlock(SpringJUnit4ClassRunner.java:289) [spring-test-4.3.13.RELEASE.jar:4.3.13.RELEASE]
	at org.springframework.test.context.junit4.SpringJUnit4ClassRunner.runChild(SpringJUnit4ClassRunner.java:247) [spring-test-4.3.13.RELEASE.jar:4.3.13.RELEASE]
	at org.springframework.test.context.junit4.SpringJUnit4ClassRunner.runChild(SpringJUnit4ClassRunner.java:94) [spring-test-4.3.13.RELEASE.jar:4.3.13.RELEASE]
	at org.junit.runners.ParentRunner$3.run(ParentRunner.java:290) [junit-4.12.jar:4.12]
	at org.junit.runners.ParentRunner$1.schedule(ParentRunner.java:71) [junit-4.12.jar:4.12]
	at org.junit.runners.ParentRunner.runChildren(ParentRunner.java:288) [junit-4.12.jar:4.12]
	at org.junit.runners.ParentRunner.access$000(ParentRunner.java:58) [junit-4.12.jar:4.12]
	at org.junit.runners.ParentRunner$2.evaluate(ParentRunner.java:268) [junit-4.12.jar:4.12]
	at org.springframework.test.context.junit4.statements.RunBeforeTestClassCallbacks.evaluate(RunBeforeTestClassCallbacks.java:61) [spring-test-4.3.13.RELEASE.jar:4.3.13.RELEASE]
	at org.springframework.test.context.junit4.statements.RunAfterTestClassCallbacks.evaluate(RunAfterTestClassCallbacks.java:70) [spring-test-4.3.13.RELEASE.jar:4.3.13.RELEASE]
	at org.junit.runners.ParentRunner.run(ParentRunner.java:363) [junit-4.12.jar:4.12]
	at org.springframework.test.context.junit4.SpringJUnit4ClassRunner.run(SpringJUnit4ClassRunner.java:191) [spring-test-4.3.13.RELEASE.jar:4.3.13.RELEASE]
	at org.apache.maven.surefire.junit4.JUnit4Provider.execute(JUnit4Provider.java:283) [surefire-junit4-2.18.1.jar:2.18.1]
	at org.apache.maven.surefire.junit4.JUnit4Provider.executeWithRerun(JUnit4Provider.java:173) [surefire-junit4-2.18.1.jar:2.18.1]
	at org.apache.maven.surefire.junit4.JUnit4Provider.executeTestSet(JUnit4Provider.java:153) [surefire-junit4-2.18.1.jar:2.18.1]
	at org.apache.maven.surefire.junit4.JUnit4Provider.invoke(JUnit4Provider.java:128) [surefire-junit4-2.18.1.jar:2.18.1]
	at org.apache.maven.surefire.booter.ForkedBooter.invokeProviderInSameClassLoader(ForkedBooter.java:203) [surefire-booter-2.18.1.jar:2.18.1]
	at org.apache.maven.surefire.booter.ForkedBooter.runSuitesInProcess(ForkedBooter.java:155) [surefire-booter-2.18.1.jar:2.18.1]
	at org.apache.maven.surefire.booter.ForkedBooter.main(ForkedBooter.java:103) [surefire-booter-2.18.1.jar:2.18.1]
Caused by: java.lang.ClassNotFoundException: org.apache.poi.ss.usermodel.Workbook
	at java.net.URLClassLoader.findClass(URLClassLoader.java:381) ~[na:1.8.0_121]
	at java.lang.ClassLoader.loadClass(ClassLoader.java:424) ~[na:1.8.0_121]
	at sun.misc.Launcher$AppClassLoader.loadClass(Launcher.java:331) ~[na:1.8.0_121]
	at java.lang.ClassLoader.loadClass(ClassLoader.java:357) ~[na:1.8.0_121]
	... 46 common frames omitted

]]></system-out>
  </testcase>
</testsuite>